<?xml version="1.0" encoding="UTF-8"?>
<testng-results skipped="0" failed="1" total="2" passed="1">
  <reporter-output>
    <line>
      <![CDATA[From listner - Starting the test org.testng.TestRunner@180cb77]]>
    </line>
    <line>
      <![CDATA[waiting for page to load..]]>
    </line>
    <line>
      <![CDATA[Page is loaded]]>
    </line>
    <line>
      <![CDATA[Browser with title - DEV - d-452.t2scdn.com | King Kebab, Wisbech, Cambridgeshire, Takeaway Order Onlineopened]]>
    </line>
    <line>
      <![CDATA[The title is - DEV - d-452.t2scdn.com | King Kebab, Wisbech, Cambridgeshire, Takeaway Order Online]]>
    </line>
    <line>
      <![CDATA[waiting for page to load..]]>
    </line>
    <line>
      <![CDATA[Page is loaded]]>
    </line>
    <line>
      <![CDATA[Clicked on Contact link]]>
    </line>
    <line>
      <![CDATA[waiting for page to load..]]>
    </line>
    <line>
      <![CDATA[Page is loaded]]>
    </line>
    <line>
      <![CDATA[Validation done Validate Contact us header]]>
    </line>
    <line>
      <![CDATA[Validation done Validate Contact page - Customer Name]]>
    </line>
    <line>
      <![CDATA[Validation done Validate Contact page - DoorNumber]]>
    </line>
    <line>
      <![CDATA[Validation done Validate Contact page - Street]]>
    </line>
    <line>
      <![CDATA[Validation done Validate Contact page - Town]]>
    </line>
    <line>
      <![CDATA[Validation done Validate Contact page - City]]>
    </line>
    <line>
      <![CDATA[Validation done Validate Contact page - PostCode]]>
    </line>
    <line>
      <![CDATA[Child items retreived for element - [[ChromeDriver: chrome on LINUX (d3bbca87870f8776d67cb3f51b57ce57)] -> xpath: //*[contains(@class,'service-times')]]]]>
    </line>
    <line>
      <![CDATA[Child items retreived for element - [[ChromeDriver: chrome on LINUX (d3bbca87870f8776d67cb3f51b57ce57)] -> xpath: //*[contains(@class,'service-times')]]]]>
    </line>
    <line>
      <![CDATA[Child items retreived for element - [[ChromeDriver: chrome on LINUX (d3bbca87870f8776d67cb3f51b57ce57)] -> xpath: //*[contains(@class,'service-times')]]]]>
    </line>
    <line>
      <![CDATA[Child items retreived for element - [[ChromeDriver: chrome on LINUX (d3bbca87870f8776d67cb3f51b57ce57)] -> xpath: //*[contains(@class,'service-times')]]]]>
    </line>
    <line>
      <![CDATA[Child items retreived for element - [[ChromeDriver: chrome on LINUX (d3bbca87870f8776d67cb3f51b57ce57)] -> xpath: //*[contains(@class,'service-times')]]]]>
    </line>
    <line>
      <![CDATA[Child items retreived for element - [[ChromeDriver: chrome on LINUX (d3bbca87870f8776d67cb3f51b57ce57)] -> xpath: //*[contains(@class,'service-times')]]]]>
    </line>
    <line>
      <![CDATA[Child items retreived for element - [[ChromeDriver: chrome on LINUX (d3bbca87870f8776d67cb3f51b57ce57)] -> xpath: //*[contains(@class,'service-times')]]]]>
    </line>
    <line>
      <![CDATA[Child items retreived for element - [[ChromeDriver: chrome on LINUX (d3bbca87870f8776d67cb3f51b57ce57)] -> xpath: //*[contains(@class,'service-times')]]]]>
    </line>
    <line>
      <![CDATA[Child items retreived for element - [[ChromeDriver: chrome on LINUX (d3bbca87870f8776d67cb3f51b57ce57)] -> xpath: //*[contains(@class,'service-times')]]]]>
    </line>
    <line>
      <![CDATA[Child items retreived for element - [[ChromeDriver: chrome on LINUX (d3bbca87870f8776d67cb3f51b57ce57)] -> xpath: //*[contains(@class,'service-times')]]]]>
    </line>
    <line>
      <![CDATA[Child items retreived for element - [[ChromeDriver: chrome on LINUX (d3bbca87870f8776d67cb3f51b57ce57)] -> xpath: //*[contains(@class,'service-times')]]]]>
    </line>
    <line>
      <![CDATA[Child items retreived for element - [[ChromeDriver: chrome on LINUX (d3bbca87870f8776d67cb3f51b57ce57)] -> xpath: //*[contains(@class,'service-times')]]]]>
    </line>
    <line>
      <![CDATA[Child items retreived for element - [[ChromeDriver: chrome on LINUX (d3bbca87870f8776d67cb3f51b57ce57)] -> xpath: //*[contains(@class,'service-times')]]]]>
    </line>
    <line>
      <![CDATA[Child items retreived for element - [[ChromeDriver: chrome on LINUX (d3bbca87870f8776d67cb3f51b57ce57)] -> xpath: //*[contains(@class,'service-times')]]]]>
    </line>
    <line>
      <![CDATA[Child items retreived for element - [[ChromeDriver: chrome on LINUX (d3bbca87870f8776d67cb3f51b57ce57)] -> xpath: //*[contains(@class,'service-times')]]]]>
    </line>
    <line>
      <![CDATA[Child items retreived for element - [[ChromeDriver: chrome on LINUX (d3bbca87870f8776d67cb3f51b57ce57)] -> xpath: //*[contains(@class,'service-times')]]]]>
    </line>
    <line>
      <![CDATA[Validation done Validate Open Hours]]>
    </line>
    <line>
      <![CDATA[Validation done Validate Open Hours]]>
    </line>
    <line>
      <![CDATA[Validation done Validate Open Hours]]>
    </line>
    <line>
      <![CDATA[Validation done Validate Open Hours]]>
    </line>
    <line>
      <![CDATA[Validation done Validate Open Hours]]>
    </line>
    <line>
      <![CDATA[Validation done Validate Open Hours]]>
    </line>
    <line>
      <![CDATA[Validation done Validate Open Hours]]>
    </line>
    <line>
      <![CDATA[Child items retreived for element - [[ChromeDriver: chrome on LINUX (d3bbca87870f8776d67cb3f51b57ce57)] -> css selector: section[id='contactus-pag-sec']]]]>
    </line>
    <line>
      <![CDATA[Child items retreived for element - [[ChromeDriver: chrome on LINUX (d3bbca87870f8776d67cb3f51b57ce57)] -> css selector: section[id='contactus-pag-sec']]]]>
    </line>
    <line>
      <![CDATA[Child items retreived for element - [[ChromeDriver: chrome on LINUX (d3bbca87870f8776d67cb3f51b57ce57)] -> css selector: section[id='contactus-pag-sec']]]]>
    </line>
    <line>
      <![CDATA[Child items retreived for element - [[ChromeDriver: chrome on LINUX (d3bbca87870f8776d67cb3f51b57ce57)] -> css selector: section[id='contactus-pag-sec']]]]>
    </line>
    <line>
      <![CDATA[Child items retreived for element - [[ChromeDriver: chrome on LINUX (d3bbca87870f8776d67cb3f51b57ce57)] -> css selector: section[id='contactus-pag-sec']]]]>
    </line>
    <line>
      <![CDATA[Child items retreived for element - [[ChromeDriver: chrome on LINUX (d3bbca87870f8776d67cb3f51b57ce57)] -> css selector: section[id='contactus-pag-sec']]]]>
    </line>
    <line>
      <![CDATA[Child items retreived for element - [[ChromeDriver: chrome on LINUX (d3bbca87870f8776d67cb3f51b57ce57)] -> css selector: section[id='contactus-pag-sec']]]]>
    </line>
    <line>
      <![CDATA[Child items retreived for element - [[ChromeDriver: chrome on LINUX (d3bbca87870f8776d67cb3f51b57ce57)] -> css selector: section[id='contactus-pag-sec']]]]>
    </line>
    <line>
      <![CDATA[Child items retreived for element - [[ChromeDriver: chrome on LINUX (d3bbca87870f8776d67cb3f51b57ce57)] -> css selector: section[id='contactus-pag-sec']]]]>
    </line>
    <line>
      <![CDATA[Child items retreived for element - [[ChromeDriver: chrome on LINUX (d3bbca87870f8776d67cb3f51b57ce57)] -> css selector: section[id='contactus-pag-sec']]]]>
    </line>
    <line>
      <![CDATA[Child items retreived for element - [[ChromeDriver: chrome on LINUX (d3bbca87870f8776d67cb3f51b57ce57)] -> css selector: section[id='contactus-pag-sec']]]]>
    </line>
    <line>
      <![CDATA[Child items retreived for element - [[ChromeDriver: chrome on LINUX (d3bbca87870f8776d67cb3f51b57ce57)] -> css selector: section[id='contactus-pag-sec']]]]>
    </line>
    <line>
      <![CDATA[Child items retreived for element - [[ChromeDriver: chrome on LINUX (d3bbca87870f8776d67cb3f51b57ce57)] -> css selector: section[id='contactus-pag-sec']]]]>
    </line>
    <line>
      <![CDATA[Child items retreived for element - [[ChromeDriver: chrome on LINUX (d3bbca87870f8776d67cb3f51b57ce57)] -> css selector: section[id='contactus-pag-sec']]]]>
    </line>
    <line>
      <![CDATA[Child items retreived for element - [[ChromeDriver: chrome on LINUX (d3bbca87870f8776d67cb3f51b57ce57)] -> css selector: section[id='contactus-pag-sec']]]]>
    </line>
    <line>
      <![CDATA[Child items retreived for element - [[ChromeDriver: chrome on LINUX (d3bbca87870f8776d67cb3f51b57ce57)] -> css selector: section[id='contactus-pag-sec']]]]>
    </line>
    <line>
      <![CDATA[Child items retreived for element - [[ChromeDriver: chrome on LINUX (d3bbca87870f8776d67cb3f51b57ce57)] -> css selector: section[id='contactus-pag-sec']]]]>
    </line>
    <line>
      <![CDATA[Child items retreived for element - [[ChromeDriver: chrome on LINUX (d3bbca87870f8776d67cb3f51b57ce57)] -> css selector: section[id='contactus-pag-sec']]]]>
    </line>
    <line>
      <![CDATA[Child items retreived for element - [[ChromeDriver: chrome on LINUX (d3bbca87870f8776d67cb3f51b57ce57)] -> css selector: section[id='contactus-pag-sec']]]]>
    </line>
    <line>
      <![CDATA[Child items retreived for element - [[ChromeDriver: chrome on LINUX (d3bbca87870f8776d67cb3f51b57ce57)] -> css selector: section[id='contactus-pag-sec']]]]>
    </line>
    <line>
      <![CDATA[Child items retreived for element - [[ChromeDriver: chrome on LINUX (d3bbca87870f8776d67cb3f51b57ce57)] -> css selector: section[id='contactus-pag-sec']]]]>
    </line>
    <line>
      <![CDATA[Child items retreived for element - [[ChromeDriver: chrome on LINUX (d3bbca87870f8776d67cb3f51b57ce57)] -> css selector: section[id='contactus-pag-sec']]]]>
    </line>
    <line>
      <![CDATA[Child items retreived for element - [[ChromeDriver: chrome on LINUX (d3bbca87870f8776d67cb3f51b57ce57)] -> css selector: section[id='contactus-pag-sec']]]]>
    </line>
    <line>
      <![CDATA[Child items retreived for element - [[ChromeDriver: chrome on LINUX (d3bbca87870f8776d67cb3f51b57ce57)] -> css selector: section[id='contactus-pag-sec']]]]>
    </line>
    <line>
      <![CDATA[Child items retreived for element - [[ChromeDriver: chrome on LINUX (d3bbca87870f8776d67cb3f51b57ce57)] -> css selector: section[id='contactus-pag-sec']]]]>
    </line>
    <line>
      <![CDATA[Child items retreived for element - [[ChromeDriver: chrome on LINUX (d3bbca87870f8776d67cb3f51b57ce57)] -> css selector: section[id='contactus-pag-sec']]]]>
    </line>
    <line>
      <![CDATA[Child items retreived for element - [[ChromeDriver: chrome on LINUX (d3bbca87870f8776d67cb3f51b57ce57)] -> css selector: section[id='contactus-pag-sec']]]]>
    </line>
    <line>
      <![CDATA[No child items retreived for element - [[ChromeDriver: chrome on LINUX (d3bbca87870f8776d67cb3f51b57ce57)] -> css selector: section[id='contactus-pag-sec']]]]>
    </line>
    <line>
      <![CDATA[No child items retreived for element - [[ChromeDriver: chrome on LINUX (d3bbca87870f8776d67cb3f51b57ce57)] -> css selector: section[id='contactus-pag-sec']]]]>
    </line>
    <line>
      <![CDATA[No child items retreived for element - [[ChromeDriver: chrome on LINUX (d3bbca87870f8776d67cb3f51b57ce57)] -> css selector: section[id='contactus-pag-sec']]]]>
    </line>
    <line>
      <![CDATA[No child items retreived for element - [[ChromeDriver: chrome on LINUX (d3bbca87870f8776d67cb3f51b57ce57)] -> css selector: section[id='contactus-pag-sec']]]]>
    </line>
    <line>
      <![CDATA[No child items retreived for element - [[ChromeDriver: chrome on LINUX (d3bbca87870f8776d67cb3f51b57ce57)] -> css selector: section[id='contactus-pag-sec']]]]>
    </line>
    <line>
      <![CDATA[No child items retreived for element - [[ChromeDriver: chrome on LINUX (d3bbca87870f8776d67cb3f51b57ce57)] -> css selector: section[id='contactus-pag-sec']]]]>
    </line>
    <line>
      <![CDATA[No child items retreived for element - [[ChromeDriver: chrome on LINUX (d3bbca87870f8776d67cb3f51b57ce57)] -> css selector: section[id='contactus-pag-sec']]]]>
    </line>
    <line>
      <![CDATA[No child items retreived for element - [[ChromeDriver: chrome on LINUX (d3bbca87870f8776d67cb3f51b57ce57)] -> css selector: section[id='contactus-pag-sec']]]]>
    </line>
    <line>
      <![CDATA[No child items retreived for element - [[ChromeDriver: chrome on LINUX (d3bbca87870f8776d67cb3f51b57ce57)] -> css selector: section[id='contactus-pag-sec']]]]>
    </line>
    <line>
      <![CDATA[No child items retreived for element - [[ChromeDriver: chrome on LINUX (d3bbca87870f8776d67cb3f51b57ce57)] -> css selector: section[id='contactus-pag-sec']]]]>
    </line>
    <line>
      <![CDATA[Child items retreived for element - [[ChromeDriver: chrome on LINUX (d3bbca87870f8776d67cb3f51b57ce57)] -> css selector: section[id='contactus-pag-sec']]]]>
    </line>
    <line>
      <![CDATA[Child items retreived for element - [[ChromeDriver: chrome on LINUX (d3bbca87870f8776d67cb3f51b57ce57)] -> css selector: section[id='contactus-pag-sec']]]]>
    </line>
    <line>
      <![CDATA[Child items retreived for element - [[ChromeDriver: chrome on LINUX (d3bbca87870f8776d67cb3f51b57ce57)] -> css selector: section[id='contactus-pag-sec']]]]>
    </line>
    <line>
      <![CDATA[No child items retreived for element - [[ChromeDriver: chrome on LINUX (d3bbca87870f8776d67cb3f51b57ce57)] -> css selector: section[id='contactus-pag-sec']]]]>
    </line>
    <line>
      <![CDATA[No child items retreived for element - [[ChromeDriver: chrome on LINUX (d3bbca87870f8776d67cb3f51b57ce57)] -> css selector: section[id='contactus-pag-sec']]]]>
    </line>
    <line>
      <![CDATA[No child items retreived for element - [[ChromeDriver: chrome on LINUX (d3bbca87870f8776d67cb3f51b57ce57)] -> css selector: section[id='contactus-pag-sec']]]]>
    </line>
    <line>
      <![CDATA[No child items retreived for element - [[ChromeDriver: chrome on LINUX (d3bbca87870f8776d67cb3f51b57ce57)] -> css selector: section[id='contactus-pag-sec']]]]>
    </line>
    <line>
      <![CDATA[No child items retreived for element - [[ChromeDriver: chrome on LINUX (d3bbca87870f8776d67cb3f51b57ce57)] -> css selector: section[id='contactus-pag-sec']]]]>
    </line>
    <line>
      <![CDATA[No child items retreived for element - [[ChromeDriver: chrome on LINUX (d3bbca87870f8776d67cb3f51b57ce57)] -> css selector: section[id='contactus-pag-sec']]]]>
    </line>
    <line>
      <![CDATA[No child items retreived for element - [[ChromeDriver: chrome on LINUX (d3bbca87870f8776d67cb3f51b57ce57)] -> css selector: section[id='contactus-pag-sec']]]]>
    </line>
    <line>
      <![CDATA[No child items retreived for element - [[ChromeDriver: chrome on LINUX (d3bbca87870f8776d67cb3f51b57ce57)] -> css selector: section[id='contactus-pag-sec']]]]>
    </line>
    <line>
      <![CDATA[No child items retreived for element - [[ChromeDriver: chrome on LINUX (d3bbca87870f8776d67cb3f51b57ce57)] -> css selector: section[id='contactus-pag-sec']]]]>
    </line>
    <line>
      <![CDATA[No child items retreived for element - [[ChromeDriver: chrome on LINUX (d3bbca87870f8776d67cb3f51b57ce57)] -> css selector: section[id='contactus-pag-sec']]]]>
    </line>
    <line>
      <![CDATA[No child items retreived for element - [[ChromeDriver: chrome on LINUX (d3bbca87870f8776d67cb3f51b57ce57)] -> css selector: section[id='contactus-pag-sec']]]]>
    </line>
    <line>
      <![CDATA[No child items retreived for element - [[ChromeDriver: chrome on LINUX (d3bbca87870f8776d67cb3f51b57ce57)] -> css selector: section[id='contactus-pag-sec']]]]>
    </line>
    <line>
      <![CDATA[No child items retreived for element - [[ChromeDriver: chrome on LINUX (d3bbca87870f8776d67cb3f51b57ce57)] -> css selector: section[id='contactus-pag-sec']]]]>
    </line>
    <line>
      <![CDATA[No child items retreived for element - [[ChromeDriver: chrome on LINUX (d3bbca87870f8776d67cb3f51b57ce57)] -> css selector: section[id='contactus-pag-sec']]]]>
    </line>
    <line>
      <![CDATA[No child items retreived for element - [[ChromeDriver: chrome on LINUX (d3bbca87870f8776d67cb3f51b57ce57)] -> css selector: section[id='contactus-pag-sec']]]]>
    </line>
    <line>
      <![CDATA[No child items retreived for element - [[ChromeDriver: chrome on LINUX (d3bbca87870f8776d67cb3f51b57ce57)] -> css selector: section[id='contactus-pag-sec']]]]>
    </line>
    <line>
      <![CDATA[No child items retreived for element - [[ChromeDriver: chrome on LINUX (d3bbca87870f8776d67cb3f51b57ce57)] -> css selector: section[id='contactus-pag-sec']]]]>
    </line>
    <line>
      <![CDATA[No child items retreived for element - [[ChromeDriver: chrome on LINUX (d3bbca87870f8776d67cb3f51b57ce57)] -> css selector: section[id='contactus-pag-sec']]]]>
    </line>
    <line>
      <![CDATA[No child items retreived for element - [[ChromeDriver: chrome on LINUX (d3bbca87870f8776d67cb3f51b57ce57)] -> css selector: section[id='contactus-pag-sec']]]]>
    </line>
    <line>
      <![CDATA[No child items retreived for element - [[ChromeDriver: chrome on LINUX (d3bbca87870f8776d67cb3f51b57ce57)] -> css selector: section[id='contactus-pag-sec']]]]>
    </line>
    <line>
      <![CDATA[No child items retreived for element - [[ChromeDriver: chrome on LINUX (d3bbca87870f8776d67cb3f51b57ce57)] -> css selector: section[id='contactus-pag-sec']]]]>
    </line>
    <line>
      <![CDATA[No child items retreived for element - [[ChromeDriver: chrome on LINUX (d3bbca87870f8776d67cb3f51b57ce57)] -> css selector: section[id='contactus-pag-sec']]]]>
    </line>
    <line>
      <![CDATA[No child items retreived for element - [[ChromeDriver: chrome on LINUX (d3bbca87870f8776d67cb3f51b57ce57)] -> css selector: section[id='contactus-pag-sec']]]]>
    </line>
    <line>
      <![CDATA[No child items retreived for element - [[ChromeDriver: chrome on LINUX (d3bbca87870f8776d67cb3f51b57ce57)] -> css selector: section[id='contactus-pag-sec']]]]>
    </line>
    <line>
      <![CDATA[No child items retreived for element - [[ChromeDriver: chrome on LINUX (d3bbca87870f8776d67cb3f51b57ce57)] -> css selector: section[id='contactus-pag-sec']]]]>
    </line>
    <line>
      <![CDATA[No child items retreived for element - [[ChromeDriver: chrome on LINUX (d3bbca87870f8776d67cb3f51b57ce57)] -> css selector: section[id='contactus-pag-sec']]]]>
    </line>
    <line>
      <![CDATA[No child items retreived for element - [[ChromeDriver: chrome on LINUX (d3bbca87870f8776d67cb3f51b57ce57)] -> css selector: section[id='contactus-pag-sec']]]]>
    </line>
    <line>
      <![CDATA[No child items retreived for element - [[ChromeDriver: chrome on LINUX (d3bbca87870f8776d67cb3f51b57ce57)] -> css selector: section[id='contactus-pag-sec']]]]>
    </line>
    <line>
      <![CDATA[No child items retreived for element - [[ChromeDriver: chrome on LINUX (d3bbca87870f8776d67cb3f51b57ce57)] -> css selector: section[id='contactus-pag-sec']]]]>
    </line>
    <line>
      <![CDATA[No child items retreived for element - [[ChromeDriver: chrome on LINUX (d3bbca87870f8776d67cb3f51b57ce57)] -> css selector: section[id='contactus-pag-sec']]]]>
    </line>
    <line>
      <![CDATA[No child items retreived for element - [[ChromeDriver: chrome on LINUX (d3bbca87870f8776d67cb3f51b57ce57)] -> css selector: section[id='contactus-pag-sec']]]]>
    </line>
    <line>
      <![CDATA[No child items retreived for element - [[ChromeDriver: chrome on LINUX (d3bbca87870f8776d67cb3f51b57ce57)] -> css selector: section[id='contactus-pag-sec']]]]>
    </line>
    <line>
      <![CDATA[No child items retreived for element - [[ChromeDriver: chrome on LINUX (d3bbca87870f8776d67cb3f51b57ce57)] -> css selector: section[id='contactus-pag-sec']]]]>
    </line>
    <line>
      <![CDATA[No child items retreived for element - [[ChromeDriver: chrome on LINUX (d3bbca87870f8776d67cb3f51b57ce57)] -> css selector: section[id='contactus-pag-sec']]]]>
    </line>
    <line>
      <![CDATA[No child items retreived for element - [[ChromeDriver: chrome on LINUX (d3bbca87870f8776d67cb3f51b57ce57)] -> css selector: section[id='contactus-pag-sec']]]]>
    </line>
    <line>
      <![CDATA[No child items retreived for element - [[ChromeDriver: chrome on LINUX (d3bbca87870f8776d67cb3f51b57ce57)] -> css selector: section[id='contactus-pag-sec']]]]>
    </line>
    <line>
      <![CDATA[No child items retreived for element - [[ChromeDriver: chrome on LINUX (d3bbca87870f8776d67cb3f51b57ce57)] -> css selector: section[id='contactus-pag-sec']]]]>
    </line>
    <line>
      <![CDATA[No child items retreived for element - [[ChromeDriver: chrome on LINUX (d3bbca87870f8776d67cb3f51b57ce57)] -> css selector: section[id='contactus-pag-sec']]]]>
    </line>
    <line>
      <![CDATA[No child items retreived for element - [[ChromeDriver: chrome on LINUX (d3bbca87870f8776d67cb3f51b57ce57)] -> css selector: section[id='contactus-pag-sec']]]]>
    </line>
    <line>
      <![CDATA[No child items retreived for element - [[ChromeDriver: chrome on LINUX (d3bbca87870f8776d67cb3f51b57ce57)] -> css selector: section[id='contactus-pag-sec']]]]>
    </line>
    <line>
      <![CDATA[No child items retreived for element - [[ChromeDriver: chrome on LINUX (d3bbca87870f8776d67cb3f51b57ce57)] -> css selector: section[id='contactus-pag-sec']]]]>
    </line>
    <line>
      <![CDATA[No child items retreived for element - [[ChromeDriver: chrome on LINUX (d3bbca87870f8776d67cb3f51b57ce57)] -> css selector: section[id='contactus-pag-sec']]]]>
    </line>
    <line>
      <![CDATA[No child items retreived for element - [[ChromeDriver: chrome on LINUX (d3bbca87870f8776d67cb3f51b57ce57)] -> css selector: section[id='contactus-pag-sec']]]]>
    </line>
    <line>
      <![CDATA[No child items retreived for element - [[ChromeDriver: chrome on LINUX (d3bbca87870f8776d67cb3f51b57ce57)] -> css selector: section[id='contactus-pag-sec']]]]>
    </line>
    <line>
      <![CDATA[No child items retreived for element - [[ChromeDriver: chrome on LINUX (d3bbca87870f8776d67cb3f51b57ce57)] -> css selector: section[id='contactus-pag-sec']]]]>
    </line>
    <line>
      <![CDATA[No child items retreived for element - [[ChromeDriver: chrome on LINUX (d3bbca87870f8776d67cb3f51b57ce57)] -> css selector: section[id='contactus-pag-sec']]]]>
    </line>
    <line>
      <![CDATA[No child items retreived for element - [[ChromeDriver: chrome on LINUX (d3bbca87870f8776d67cb3f51b57ce57)] -> css selector: section[id='contactus-pag-sec']]]]>
    </line>
    <line>
      <![CDATA[No child items retreived for element - [[ChromeDriver: chrome on LINUX (d3bbca87870f8776d67cb3f51b57ce57)] -> css selector: section[id='contactus-pag-sec']]]]>
    </line>
    <line>
      <![CDATA[No child items retreived for element - [[ChromeDriver: chrome on LINUX (d3bbca87870f8776d67cb3f51b57ce57)] -> css selector: section[id='contactus-pag-sec']]]]>
    </line>
    <line>
      <![CDATA[No child items retreived for element - [[ChromeDriver: chrome on LINUX (d3bbca87870f8776d67cb3f51b57ce57)] -> css selector: section[id='contactus-pag-sec']]]]>
    </line>
    <line>
      <![CDATA[No child items retreived for element - [[ChromeDriver: chrome on LINUX (d3bbca87870f8776d67cb3f51b57ce57)] -> css selector: section[id='contactus-pag-sec']]]]>
    </line>
    <line>
      <![CDATA[No child items retreived for element - [[ChromeDriver: chrome on LINUX (d3bbca87870f8776d67cb3f51b57ce57)] -> css selector: section[id='contactus-pag-sec']]]]>
    </line>
    <line>
      <![CDATA[No child items retreived for element - [[ChromeDriver: chrome on LINUX (d3bbca87870f8776d67cb3f51b57ce57)] -> css selector: section[id='contactus-pag-sec']]]]>
    </line>
    <line>
      <![CDATA[No child items retreived for element - [[ChromeDriver: chrome on LINUX (d3bbca87870f8776d67cb3f51b57ce57)] -> css selector: section[id='contactus-pag-sec']]]]>
    </line>
    <line>
      <![CDATA[No child items retreived for element - [[ChromeDriver: chrome on LINUX (d3bbca87870f8776d67cb3f51b57ce57)] -> css selector: section[id='contactus-pag-sec']]]]>
    </line>
    <line>
      <![CDATA[No child items retreived for element - [[ChromeDriver: chrome on LINUX (d3bbca87870f8776d67cb3f51b57ce57)] -> css selector: section[id='contactus-pag-sec']]]]>
    </line>
    <line>
      <![CDATA[No child items retreived for element - [[ChromeDriver: chrome on LINUX (d3bbca87870f8776d67cb3f51b57ce57)] -> css selector: section[id='contactus-pag-sec']]]]>
    </line>
    <line>
      <![CDATA[No child items retreived for element - [[ChromeDriver: chrome on LINUX (d3bbca87870f8776d67cb3f51b57ce57)] -> css selector: section[id='contactus-pag-sec']]]]>
    </line>
    <line>
      <![CDATA[No child items retreived for element - [[ChromeDriver: chrome on LINUX (d3bbca87870f8776d67cb3f51b57ce57)] -> css selector: section[id='contactus-pag-sec']]]]>
    </line>
    <line>
      <![CDATA[No child items retreived for element - [[ChromeDriver: chrome on LINUX (d3bbca87870f8776d67cb3f51b57ce57)] -> css selector: section[id='contactus-pag-sec']]]]>
    </line>
    <line>
      <![CDATA[No child items retreived for element - [[ChromeDriver: chrome on LINUX (d3bbca87870f8776d67cb3f51b57ce57)] -> css selector: section[id='contactus-pag-sec']]]]>
    </line>
    <line>
      <![CDATA[No child items retreived for element - [[ChromeDriver: chrome on LINUX (d3bbca87870f8776d67cb3f51b57ce57)] -> css selector: section[id='contactus-pag-sec']]]]>
    </line>
    <line>
      <![CDATA[No child items retreived for element - [[ChromeDriver: chrome on LINUX (d3bbca87870f8776d67cb3f51b57ce57)] -> css selector: section[id='contactus-pag-sec']]]]>
    </line>
    <line>
      <![CDATA[No child items retreived for element - [[ChromeDriver: chrome on LINUX (d3bbca87870f8776d67cb3f51b57ce57)] -> css selector: section[id='contactus-pag-sec']]]]>
    </line>
    <line>
      <![CDATA[No child items retreived for element - [[ChromeDriver: chrome on LINUX (d3bbca87870f8776d67cb3f51b57ce57)] -> css selector: section[id='contactus-pag-sec']]]]>
    </line>
    <line>
      <![CDATA[No child items retreived for element - [[ChromeDriver: chrome on LINUX (d3bbca87870f8776d67cb3f51b57ce57)] -> css selector: section[id='contactus-pag-sec']]]]>
    </line>
    <line>
      <![CDATA[No child items retreived for element - [[ChromeDriver: chrome on LINUX (d3bbca87870f8776d67cb3f51b57ce57)] -> css selector: section[id='contactus-pag-sec']]]]>
    </line>
    <line>
      <![CDATA[No child items retreived for element - [[ChromeDriver: chrome on LINUX (d3bbca87870f8776d67cb3f51b57ce57)] -> css selector: section[id='contactus-pag-sec']]]]>
    </line>
    <line>
      <![CDATA[No child items retreived for element - [[ChromeDriver: chrome on LINUX (d3bbca87870f8776d67cb3f51b57ce57)] -> css selector: section[id='contactus-pag-sec']]]]>
    </line>
    <line>
      <![CDATA[No child items retreived for element - [[ChromeDriver: chrome on LINUX (d3bbca87870f8776d67cb3f51b57ce57)] -> css selector: section[id='contactus-pag-sec']]]]>
    </line>
    <line>
      <![CDATA[Child items retreived for element - [[ChromeDriver: chrome on LINUX (d3bbca87870f8776d67cb3f51b57ce57)] -> css selector: section[id='contactus-pag-sec']]]]>
    </line>
    <line>
      <![CDATA[Child items retreived for element - [[ChromeDriver: chrome on LINUX (d3bbca87870f8776d67cb3f51b57ce57)] -> css selector: section[id='contactus-pag-sec']]]]>
    </line>
    <line>
      <![CDATA[No child items retreived for element - [[ChromeDriver: chrome on LINUX (d3bbca87870f8776d67cb3f51b57ce57)] -> css selector: section[id='contactus-pag-sec']]]]>
    </line>
    <line>
      <![CDATA[No child items retreived for element - [[ChromeDriver: chrome on LINUX (d3bbca87870f8776d67cb3f51b57ce57)] -> css selector: section[id='contactus-pag-sec']]]]>
    </line>
    <line>
      <![CDATA[No child items retreived for element - [[ChromeDriver: chrome on LINUX (d3bbca87870f8776d67cb3f51b57ce57)] -> css selector: section[id='contactus-pag-sec']]]]>
    </line>
    <line>
      <![CDATA[Child items retreived for element - [[ChromeDriver: chrome on LINUX (d3bbca87870f8776d67cb3f51b57ce57)] -> css selector: section[id='contactus-pag-sec']]]]>
    </line>
    <line>
      <![CDATA[No child items retreived for element - [[ChromeDriver: chrome on LINUX (d3bbca87870f8776d67cb3f51b57ce57)] -> css selector: section[id='contactus-pag-sec']]]]>
    </line>
    <line>
      <![CDATA[Child items retreived for element - [[ChromeDriver: chrome on LINUX (d3bbca87870f8776d67cb3f51b57ce57)] -> css selector: section[id='contactus-pag-sec']]]]>
    </line>
    <line>
      <![CDATA[No child items retreived for element - [[ChromeDriver: chrome on LINUX (d3bbca87870f8776d67cb3f51b57ce57)] -> css selector: section[id='contactus-pag-sec']]]]>
    </line>
    <line>
      <![CDATA[No child items retreived for element - [[ChromeDriver: chrome on LINUX (d3bbca87870f8776d67cb3f51b57ce57)] -> css selector: section[id='contactus-pag-sec']]]]>
    </line>
    <line>
      <![CDATA[Child items retreived for element - [[ChromeDriver: chrome on LINUX (d3bbca87870f8776d67cb3f51b57ce57)] -> css selector: section[id='contactus-pag-sec']]]]>
    </line>
    <line>
      <![CDATA[No child items retreived for element - [[ChromeDriver: chrome on LINUX (d3bbca87870f8776d67cb3f51b57ce57)] -> css selector: section[id='contactus-pag-sec']]]]>
    </line>
    <line>
      <![CDATA[No child items retreived for element - [[ChromeDriver: chrome on LINUX (d3bbca87870f8776d67cb3f51b57ce57)] -> css selector: section[id='contactus-pag-sec']]]]>
    </line>
    <line>
      <![CDATA[No child items retreived for element - [[ChromeDriver: chrome on LINUX (d3bbca87870f8776d67cb3f51b57ce57)] -> css selector: section[id='contactus-pag-sec']]]]>
    </line>
    <line>
      <![CDATA[Child items retreived for element - [[ChromeDriver: chrome on LINUX (d3bbca87870f8776d67cb3f51b57ce57)] -> css selector: section[id='contactus-pag-sec']]]]>
    </line>
    <line>
      <![CDATA[Child items retreived for element - [[ChromeDriver: chrome on LINUX (d3bbca87870f8776d67cb3f51b57ce57)] -> css selector: section[id='contactus-pag-sec']]]]>
    </line>
    <line>
      <![CDATA[No child items retreived for element - [[ChromeDriver: chrome on LINUX (d3bbca87870f8776d67cb3f51b57ce57)] -> css selector: section[id='contactus-pag-sec']]]]>
    </line>
    <line>
      <![CDATA[No child items retreived for element - [[ChromeDriver: chrome on LINUX (d3bbca87870f8776d67cb3f51b57ce57)] -> css selector: section[id='contactus-pag-sec']]]]>
    </line>
    <line>
      <![CDATA[Child items retreived for element - [[ChromeDriver: chrome on LINUX (d3bbca87870f8776d67cb3f51b57ce57)] -> css selector: section[id='contactus-pag-sec']]]]>
    </line>
    <line>
      <![CDATA[No child items retreived for element - [[ChromeDriver: chrome on LINUX (d3bbca87870f8776d67cb3f51b57ce57)] -> css selector: section[id='contactus-pag-sec']]]]>
    </line>
    <line>
      <![CDATA[No child items retreived for element - [[ChromeDriver: chrome on LINUX (d3bbca87870f8776d67cb3f51b57ce57)] -> css selector: section[id='contactus-pag-sec']]]]>
    </line>
    <line>
      <![CDATA[No child items retreived for element - [[ChromeDriver: chrome on LINUX (d3bbca87870f8776d67cb3f51b57ce57)] -> css selector: section[id='contactus-pag-sec']]]]>
    </line>
    <line>
      <![CDATA[Child items retreived for element - [[ChromeDriver: chrome on LINUX (d3bbca87870f8776d67cb3f51b57ce57)] -> css selector: section[id='contactus-pag-sec']]]]>
    </line>
    <line>
      <![CDATA[Child items retreived for element - [[ChromeDriver: chrome on LINUX (d3bbca87870f8776d67cb3f51b57ce57)] -> css selector: section[id='contactus-pag-sec']]]]>
    </line>
    <line>
      <![CDATA[No child items retreived for element - [[ChromeDriver: chrome on LINUX (d3bbca87870f8776d67cb3f51b57ce57)] -> css selector: section[id='contactus-pag-sec']]]]>
    </line>
    <line>
      <![CDATA[No child items retreived for element - [[ChromeDriver: chrome on LINUX (d3bbca87870f8776d67cb3f51b57ce57)] -> css selector: section[id='contactus-pag-sec']]]]>
    </line>
    <line>
      <![CDATA[No child items retreived for element - [[ChromeDriver: chrome on LINUX (d3bbca87870f8776d67cb3f51b57ce57)] -> css selector: section[id='contactus-pag-sec']]]]>
    </line>
    <line>
      <![CDATA[No child items retreived for element - [[ChromeDriver: chrome on LINUX (d3bbca87870f8776d67cb3f51b57ce57)] -> css selector: section[id='contactus-pag-sec']]]]>
    </line>
    <line>
      <![CDATA[No child items retreived for element - [[ChromeDriver: chrome on LINUX (d3bbca87870f8776d67cb3f51b57ce57)] -> css selector: section[id='contactus-pag-sec']]]]>
    </line>
    <line>
      <![CDATA[No child items retreived for element - [[ChromeDriver: chrome on LINUX (d3bbca87870f8776d67cb3f51b57ce57)] -> css selector: section[id='contactus-pag-sec']]]]>
    </line>
    <line>
      <![CDATA[No child items retreived for element - [[ChromeDriver: chrome on LINUX (d3bbca87870f8776d67cb3f51b57ce57)] -> css selector: section[id='contactus-pag-sec']]]]>
    </line>
    <line>
      <![CDATA[No child items retreived for element - [[ChromeDriver: chrome on LINUX (d3bbca87870f8776d67cb3f51b57ce57)] -> css selector: section[id='contactus-pag-sec']]]]>
    </line>
    <line>
      <![CDATA[No child items retreived for element - [[ChromeDriver: chrome on LINUX (d3bbca87870f8776d67cb3f51b57ce57)] -> css selector: section[id='contactus-pag-sec']]]]>
    </line>
    <line>
      <![CDATA[No child items retreived for element - [[ChromeDriver: chrome on LINUX (d3bbca87870f8776d67cb3f51b57ce57)] -> css selector: section[id='contactus-pag-sec']]]]>
    </line>
    <line>
      <![CDATA[No child items retreived for element - [[ChromeDriver: chrome on LINUX (d3bbca87870f8776d67cb3f51b57ce57)] -> css selector: section[id='contactus-pag-sec']]]]>
    </line>
    <line>
      <![CDATA[No child items retreived for element - [[ChromeDriver: chrome on LINUX (d3bbca87870f8776d67cb3f51b57ce57)] -> css selector: section[id='contactus-pag-sec']]]]>
    </line>
    <line>
      <![CDATA[No child items retreived for element - [[ChromeDriver: chrome on LINUX (d3bbca87870f8776d67cb3f51b57ce57)] -> css selector: section[id='contactus-pag-sec']]]]>
    </line>
    <line>
      <![CDATA[No child items retreived for element - [[ChromeDriver: chrome on LINUX (d3bbca87870f8776d67cb3f51b57ce57)] -> css selector: section[id='contactus-pag-sec']]]]>
    </line>
    <line>
      <![CDATA[No child items retreived for element - [[ChromeDriver: chrome on LINUX (d3bbca87870f8776d67cb3f51b57ce57)] -> css selector: section[id='contactus-pag-sec']]]]>
    </line>
    <line>
      <![CDATA[No child items retreived for element - [[ChromeDriver: chrome on LINUX (d3bbca87870f8776d67cb3f51b57ce57)] -> css selector: section[id='contactus-pag-sec']]]]>
    </line>
    <line>
      <![CDATA[No child items retreived for element - [[ChromeDriver: chrome on LINUX (d3bbca87870f8776d67cb3f51b57ce57)] -> css selector: section[id='contactus-pag-sec']]]]>
    </line>
    <line>
      <![CDATA[No child items retreived for element - [[ChromeDriver: chrome on LINUX (d3bbca87870f8776d67cb3f51b57ce57)] -> css selector: section[id='contactus-pag-sec']]]]>
    </line>
    <line>
      <![CDATA[No child items retreived for element - [[ChromeDriver: chrome on LINUX (d3bbca87870f8776d67cb3f51b57ce57)] -> css selector: section[id='contactus-pag-sec']]]]>
    </line>
    <line>
      <![CDATA[No child items retreived for element - [[ChromeDriver: chrome on LINUX (d3bbca87870f8776d67cb3f51b57ce57)] -> css selector: section[id='contactus-pag-sec']]]]>
    </line>
    <line>
      <![CDATA[No child items retreived for element - [[ChromeDriver: chrome on LINUX (d3bbca87870f8776d67cb3f51b57ce57)] -> css selector: section[id='contactus-pag-sec']]]]>
    </line>
    <line>
      <![CDATA[No child items retreived for element - [[ChromeDriver: chrome on LINUX (d3bbca87870f8776d67cb3f51b57ce57)] -> css selector: section[id='contactus-pag-sec']]]]>
    </line>
    <line>
      <![CDATA[No child items retreived for element - [[ChromeDriver: chrome on LINUX (d3bbca87870f8776d67cb3f51b57ce57)] -> css selector: section[id='contactus-pag-sec']]]]>
    </line>
    <line>
      <![CDATA[No child items retreived for element - [[ChromeDriver: chrome on LINUX (d3bbca87870f8776d67cb3f51b57ce57)] -> css selector: section[id='contactus-pag-sec']]]]>
    </line>
    <line>
      <![CDATA[Child items retreived for element - [[ChromeDriver: chrome on LINUX (d3bbca87870f8776d67cb3f51b57ce57)] -> css selector: section[id='contactus-pag-sec']]]]>
    </line>
    <line>
      <![CDATA[Child items retreived for element - [[ChromeDriver: chrome on LINUX (d3bbca87870f8776d67cb3f51b57ce57)] -> css selector: section[id='contactus-pag-sec']]]]>
    </line>
    <line>
      <![CDATA[No child items retreived for element - [[ChromeDriver: chrome on LINUX (d3bbca87870f8776d67cb3f51b57ce57)] -> css selector: section[id='contactus-pag-sec']]]]>
    </line>
    <line>
      <![CDATA[No child items retreived for element - [[ChromeDriver: chrome on LINUX (d3bbca87870f8776d67cb3f51b57ce57)] -> css selector: section[id='contactus-pag-sec']]]]>
    </line>
    <line>
      <![CDATA[No child items retreived for element - [[ChromeDriver: chrome on LINUX (d3bbca87870f8776d67cb3f51b57ce57)] -> css selector: section[id='contactus-pag-sec']]]]>
    </line>
    <line>
      <![CDATA[No child items retreived for element - [[ChromeDriver: chrome on LINUX (d3bbca87870f8776d67cb3f51b57ce57)] -> css selector: section[id='contactus-pag-sec']]]]>
    </line>
    <line>
      <![CDATA[No child items retreived for element - [[ChromeDriver: chrome on LINUX (d3bbca87870f8776d67cb3f51b57ce57)] -> css selector: section[id='contactus-pag-sec']]]]>
    </line>
    <line>
      <![CDATA[No child items retreived for element - [[ChromeDriver: chrome on LINUX (d3bbca87870f8776d67cb3f51b57ce57)] -> css selector: section[id='contactus-pag-sec']]]]>
    </line>
    <line>
      <![CDATA[No child items retreived for element - [[ChromeDriver: chrome on LINUX (d3bbca87870f8776d67cb3f51b57ce57)] -> css selector: section[id='contactus-pag-sec']]]]>
    </line>
    <line>
      <![CDATA[No child items retreived for element - [[ChromeDriver: chrome on LINUX (d3bbca87870f8776d67cb3f51b57ce57)] -> css selector: section[id='contactus-pag-sec']]]]>
    </line>
    <line>
      <![CDATA[No child items retreived for element - [[ChromeDriver: chrome on LINUX (d3bbca87870f8776d67cb3f51b57ce57)] -> css selector: section[id='contactus-pag-sec']]]]>
    </line>
    <line>
      <![CDATA[No child items retreived for element - [[ChromeDriver: chrome on LINUX (d3bbca87870f8776d67cb3f51b57ce57)] -> css selector: section[id='contactus-pag-sec']]]]>
    </line>
    <line>
      <![CDATA[No child items retreived for element - [[ChromeDriver: chrome on LINUX (d3bbca87870f8776d67cb3f51b57ce57)] -> css selector: section[id='contactus-pag-sec']]]]>
    </line>
    <line>
      <![CDATA[No child items retreived for element - [[ChromeDriver: chrome on LINUX (d3bbca87870f8776d67cb3f51b57ce57)] -> css selector: section[id='contactus-pag-sec']]]]>
    </line>
    <line>
      <![CDATA[No child items retreived for element - [[ChromeDriver: chrome on LINUX (d3bbca87870f8776d67cb3f51b57ce57)] -> css selector: section[id='contactus-pag-sec']]]]>
    </line>
    <line>
      <![CDATA[No child items retreived for element - [[ChromeDriver: chrome on LINUX (d3bbca87870f8776d67cb3f51b57ce57)] -> css selector: section[id='contactus-pag-sec']]]]>
    </line>
    <line>
      <![CDATA[No child items retreived for element - [[ChromeDriver: chrome on LINUX (d3bbca87870f8776d67cb3f51b57ce57)] -> css selector: section[id='contactus-pag-sec']]]]>
    </line>
    <line>
      <![CDATA[No child items retreived for element - [[ChromeDriver: chrome on LINUX (d3bbca87870f8776d67cb3f51b57ce57)] -> css selector: section[id='contactus-pag-sec']]]]>
    </line>
    <line>
      <![CDATA[Child items retreived for element - [[ChromeDriver: chrome on LINUX (d3bbca87870f8776d67cb3f51b57ce57)] -> css selector: section[id='contactus-pag-sec']]]]>
    </line>
    <line>
      <![CDATA[Child items retreived for element - [[ChromeDriver: chrome on LINUX (d3bbca87870f8776d67cb3f51b57ce57)] -> css selector: section[id='contactus-pag-sec']]]]>
    </line>
    <line>
      <![CDATA[No child items retreived for element - [[ChromeDriver: chrome on LINUX (d3bbca87870f8776d67cb3f51b57ce57)] -> css selector: section[id='contactus-pag-sec']]]]>
    </line>
    <line>
      <![CDATA[Child items retreived for element - [[ChromeDriver: chrome on LINUX (d3bbca87870f8776d67cb3f51b57ce57)] -> css selector: section[id='contactus-pag-sec']]]]>
    </line>
    <line>
      <![CDATA[Child items retreived for element - [[ChromeDriver: chrome on LINUX (d3bbca87870f8776d67cb3f51b57ce57)] -> css selector: section[id='contactus-pag-sec']]]]>
    </line>
    <line>
      <![CDATA[No child items retreived for element - [[ChromeDriver: chrome on LINUX (d3bbca87870f8776d67cb3f51b57ce57)] -> css selector: section[id='contactus-pag-sec']]]]>
    </line>
    <line>
      <![CDATA[No child items retreived for element - [[ChromeDriver: chrome on LINUX (d3bbca87870f8776d67cb3f51b57ce57)] -> css selector: section[id='contactus-pag-sec']]]]>
    </line>
    <line>
      <![CDATA[No child items retreived for element - [[ChromeDriver: chrome on LINUX (d3bbca87870f8776d67cb3f51b57ce57)] -> css selector: section[id='contactus-pag-sec']]]]>
    </line>
    <line>
      <![CDATA[Child items retreived for element - [[ChromeDriver: chrome on LINUX (d3bbca87870f8776d67cb3f51b57ce57)] -> css selector: section[id='contactus-pag-sec']]]]>
    </line>
    <line>
      <![CDATA[No child items retreived for element - [[ChromeDriver: chrome on LINUX (d3bbca87870f8776d67cb3f51b57ce57)] -> css selector: section[id='contactus-pag-sec']]]]>
    </line>
    <line>
      <![CDATA[No child items retreived for element - [[ChromeDriver: chrome on LINUX (d3bbca87870f8776d67cb3f51b57ce57)] -> css selector: section[id='contactus-pag-sec']]]]>
    </line>
    <line>
      <![CDATA[Child items retreived for element - [[ChromeDriver: chrome on LINUX (d3bbca87870f8776d67cb3f51b57ce57)] -> css selector: section[id='contactus-pag-sec']]]]>
    </line>
    <line>
      <![CDATA[No child items retreived for element - [[ChromeDriver: chrome on LINUX (d3bbca87870f8776d67cb3f51b57ce57)] -> css selector: section[id='contactus-pag-sec']]]]>
    </line>
    <line>
      <![CDATA[Child items retreived for element - [[ChromeDriver: chrome on LINUX (d3bbca87870f8776d67cb3f51b57ce57)] -> css selector: section[id='contactus-pag-sec']]]]>
    </line>
    <line>
      <![CDATA[Child items retreived for element - [[ChromeDriver: chrome on LINUX (d3bbca87870f8776d67cb3f51b57ce57)] -> css selector: section[id='contactus-pag-sec']]]]>
    </line>
    <line>
      <![CDATA[Validation done Validate contact information]]>
    </line>
    <line>
      <![CDATA[Validation done Validate contact information]]>
    </line>
    <line>
      <![CDATA[Validation done Validate contact information]]>
    </line>
    <line>
      <![CDATA[Browser with title - DEV - d-452.t2scdn.com | King Kebab, Wisbech, Cambridgeshire, Takeaway Order Onlineopened]]>
    </line>
    <line>
      <![CDATA[The title is - DEV - d-452.t2scdn.com | King Kebab, Wisbech, Cambridgeshire, Takeaway Order Online]]>
    </line>
    <line>
      <![CDATA[waiting for page to load..]]>
    </line>
    <line>
      <![CDATA[Page is loaded]]>
    </line>
    <line>
      <![CDATA[Clicked on Contact link]]>
    </line>
    <line>
      <![CDATA[waiting for page to load..]]>
    </line>
    <line>
      <![CDATA[Page is loaded]]>
    </line>
    <line>
      <![CDATA[Validation done Validate Contact us header]]>
    </line>
    <line>
      <![CDATA[Validation done Validate Contact page - Customer Name]]>
    </line>
    <line>
      <![CDATA[Validation done Validate Contact page - DoorNumber]]>
    </line>
    <line>
      <![CDATA[Validation done Validate Contact page - Street]]>
    </line>
    <line>
      <![CDATA[Validation done Validate Contact page - Town]]>
    </line>
    <line>
      <![CDATA[Validation done Validate Contact page - City]]>
    </line>
    <line>
      <![CDATA[Validation done Validate Contact page - PostCode]]>
    </line>
    <line>
      <![CDATA[Child items retreived for element - [[ChromeDriver: chrome on LINUX (d3bbca87870f8776d67cb3f51b57ce57)] -> xpath: //*[contains(@class,'service-times')]]]]>
    </line>
    <line>
      <![CDATA[Child items retreived for element - [[ChromeDriver: chrome on LINUX (d3bbca87870f8776d67cb3f51b57ce57)] -> xpath: //*[contains(@class,'service-times')]]]]>
    </line>
    <line>
      <![CDATA[Child items retreived for element - [[ChromeDriver: chrome on LINUX (d3bbca87870f8776d67cb3f51b57ce57)] -> xpath: //*[contains(@class,'service-times')]]]]>
    </line>
    <line>
      <![CDATA[Child items retreived for element - [[ChromeDriver: chrome on LINUX (d3bbca87870f8776d67cb3f51b57ce57)] -> xpath: //*[contains(@class,'service-times')]]]]>
    </line>
    <line>
      <![CDATA[Child items retreived for element - [[ChromeDriver: chrome on LINUX (d3bbca87870f8776d67cb3f51b57ce57)] -> xpath: //*[contains(@class,'service-times')]]]]>
    </line>
    <line>
      <![CDATA[Child items retreived for element - [[ChromeDriver: chrome on LINUX (d3bbca87870f8776d67cb3f51b57ce57)] -> xpath: //*[contains(@class,'service-times')]]]]>
    </line>
    <line>
      <![CDATA[Child items retreived for element - [[ChromeDriver: chrome on LINUX (d3bbca87870f8776d67cb3f51b57ce57)] -> xpath: //*[contains(@class,'service-times')]]]]>
    </line>
    <line>
      <![CDATA[Child items retreived for element - [[ChromeDriver: chrome on LINUX (d3bbca87870f8776d67cb3f51b57ce57)] -> xpath: //*[contains(@class,'service-times')]]]]>
    </line>
    <line>
      <![CDATA[Child items retreived for element - [[ChromeDriver: chrome on LINUX (d3bbca87870f8776d67cb3f51b57ce57)] -> xpath: //*[contains(@class,'service-times')]]]]>
    </line>
    <line>
      <![CDATA[Child items retreived for element - [[ChromeDriver: chrome on LINUX (d3bbca87870f8776d67cb3f51b57ce57)] -> xpath: //*[contains(@class,'service-times')]]]]>
    </line>
    <line>
      <![CDATA[Child items retreived for element - [[ChromeDriver: chrome on LINUX (d3bbca87870f8776d67cb3f51b57ce57)] -> xpath: //*[contains(@class,'service-times')]]]]>
    </line>
    <line>
      <![CDATA[Child items retreived for element - [[ChromeDriver: chrome on LINUX (d3bbca87870f8776d67cb3f51b57ce57)] -> xpath: //*[contains(@class,'service-times')]]]]>
    </line>
    <line>
      <![CDATA[Child items retreived for element - [[ChromeDriver: chrome on LINUX (d3bbca87870f8776d67cb3f51b57ce57)] -> xpath: //*[contains(@class,'service-times')]]]]>
    </line>
    <line>
      <![CDATA[Child items retreived for element - [[ChromeDriver: chrome on LINUX (d3bbca87870f8776d67cb3f51b57ce57)] -> xpath: //*[contains(@class,'service-times')]]]]>
    </line>
    <line>
      <![CDATA[Child items retreived for element - [[ChromeDriver: chrome on LINUX (d3bbca87870f8776d67cb3f51b57ce57)] -> xpath: //*[contains(@class,'service-times')]]]]>
    </line>
    <line>
      <![CDATA[Child items retreived for element - [[ChromeDriver: chrome on LINUX (d3bbca87870f8776d67cb3f51b57ce57)] -> xpath: //*[contains(@class,'service-times')]]]]>
    </line>
    <line>
      <![CDATA[Validation done Validate Open Hours]]>
    </line>
    <line>
      <![CDATA[Validation done Validate Open Hours]]>
    </line>
    <line>
      <![CDATA[Validation done Validate Open Hours]]>
    </line>
    <line>
      <![CDATA[Validation done Validate Open Hours]]>
    </line>
    <line>
      <![CDATA[Validation done Validate Open Hours]]>
    </line>
    <line>
      <![CDATA[Validation done Validate Open Hours]]>
    </line>
    <line>
      <![CDATA[Validation done Validate Open Hours]]>
    </line>
    <line>
      <![CDATA[Child items retreived for element - [[ChromeDriver: chrome on LINUX (d3bbca87870f8776d67cb3f51b57ce57)] -> css selector: section[id='contactus-pag-sec']]]]>
    </line>
    <line>
      <![CDATA[Child items retreived for element - [[ChromeDriver: chrome on LINUX (d3bbca87870f8776d67cb3f51b57ce57)] -> css selector: section[id='contactus-pag-sec']]]]>
    </line>
    <line>
      <![CDATA[Child items retreived for element - [[ChromeDriver: chrome on LINUX (d3bbca87870f8776d67cb3f51b57ce57)] -> css selector: section[id='contactus-pag-sec']]]]>
    </line>
    <line>
      <![CDATA[Child items retreived for element - [[ChromeDriver: chrome on LINUX (d3bbca87870f8776d67cb3f51b57ce57)] -> css selector: section[id='contactus-pag-sec']]]]>
    </line>
    <line>
      <![CDATA[Child items retreived for element - [[ChromeDriver: chrome on LINUX (d3bbca87870f8776d67cb3f51b57ce57)] -> css selector: section[id='contactus-pag-sec']]]]>
    </line>
    <line>
      <![CDATA[Child items retreived for element - [[ChromeDriver: chrome on LINUX (d3bbca87870f8776d67cb3f51b57ce57)] -> css selector: section[id='contactus-pag-sec']]]]>
    </line>
    <line>
      <![CDATA[Child items retreived for element - [[ChromeDriver: chrome on LINUX (d3bbca87870f8776d67cb3f51b57ce57)] -> css selector: section[id='contactus-pag-sec']]]]>
    </line>
    <line>
      <![CDATA[Child items retreived for element - [[ChromeDriver: chrome on LINUX (d3bbca87870f8776d67cb3f51b57ce57)] -> css selector: section[id='contactus-pag-sec']]]]>
    </line>
    <line>
      <![CDATA[Child items retreived for element - [[ChromeDriver: chrome on LINUX (d3bbca87870f8776d67cb3f51b57ce57)] -> css selector: section[id='contactus-pag-sec']]]]>
    </line>
    <line>
      <![CDATA[Child items retreived for element - [[ChromeDriver: chrome on LINUX (d3bbca87870f8776d67cb3f51b57ce57)] -> css selector: section[id='contactus-pag-sec']]]]>
    </line>
    <line>
      <![CDATA[Child items retreived for element - [[ChromeDriver: chrome on LINUX (d3bbca87870f8776d67cb3f51b57ce57)] -> css selector: section[id='contactus-pag-sec']]]]>
    </line>
    <line>
      <![CDATA[Child items retreived for element - [[ChromeDriver: chrome on LINUX (d3bbca87870f8776d67cb3f51b57ce57)] -> css selector: section[id='contactus-pag-sec']]]]>
    </line>
    <line>
      <![CDATA[Child items retreived for element - [[ChromeDriver: chrome on LINUX (d3bbca87870f8776d67cb3f51b57ce57)] -> css selector: section[id='contactus-pag-sec']]]]>
    </line>
    <line>
      <![CDATA[Child items retreived for element - [[ChromeDriver: chrome on LINUX (d3bbca87870f8776d67cb3f51b57ce57)] -> css selector: section[id='contactus-pag-sec']]]]>
    </line>
    <line>
      <![CDATA[Child items retreived for element - [[ChromeDriver: chrome on LINUX (d3bbca87870f8776d67cb3f51b57ce57)] -> css selector: section[id='contactus-pag-sec']]]]>
    </line>
    <line>
      <![CDATA[Child items retreived for element - [[ChromeDriver: chrome on LINUX (d3bbca87870f8776d67cb3f51b57ce57)] -> css selector: section[id='contactus-pag-sec']]]]>
    </line>
    <line>
      <![CDATA[Child items retreived for element - [[ChromeDriver: chrome on LINUX (d3bbca87870f8776d67cb3f51b57ce57)] -> css selector: section[id='contactus-pag-sec']]]]>
    </line>
    <line>
      <![CDATA[Child items retreived for element - [[ChromeDriver: chrome on LINUX (d3bbca87870f8776d67cb3f51b57ce57)] -> css selector: section[id='contactus-pag-sec']]]]>
    </line>
    <line>
      <![CDATA[Child items retreived for element - [[ChromeDriver: chrome on LINUX (d3bbca87870f8776d67cb3f51b57ce57)] -> css selector: section[id='contactus-pag-sec']]]]>
    </line>
    <line>
      <![CDATA[Child items retreived for element - [[ChromeDriver: chrome on LINUX (d3bbca87870f8776d67cb3f51b57ce57)] -> css selector: section[id='contactus-pag-sec']]]]>
    </line>
    <line>
      <![CDATA[Child items retreived for element - [[ChromeDriver: chrome on LINUX (d3bbca87870f8776d67cb3f51b57ce57)] -> css selector: section[id='contactus-pag-sec']]]]>
    </line>
    <line>
      <![CDATA[Child items retreived for element - [[ChromeDriver: chrome on LINUX (d3bbca87870f8776d67cb3f51b57ce57)] -> css selector: section[id='contactus-pag-sec']]]]>
    </line>
    <line>
      <![CDATA[Child items retreived for element - [[ChromeDriver: chrome on LINUX (d3bbca87870f8776d67cb3f51b57ce57)] -> css selector: section[id='contactus-pag-sec']]]]>
    </line>
    <line>
      <![CDATA[Child items retreived for element - [[ChromeDriver: chrome on LINUX (d3bbca87870f8776d67cb3f51b57ce57)] -> css selector: section[id='contactus-pag-sec']]]]>
    </line>
    <line>
      <![CDATA[Child items retreived for element - [[ChromeDriver: chrome on LINUX (d3bbca87870f8776d67cb3f51b57ce57)] -> css selector: section[id='contactus-pag-sec']]]]>
    </line>
    <line>
      <![CDATA[Child items retreived for element - [[ChromeDriver: chrome on LINUX (d3bbca87870f8776d67cb3f51b57ce57)] -> css selector: section[id='contactus-pag-sec']]]]>
    </line>
    <line>
      <![CDATA[Child items retreived for element - [[ChromeDriver: chrome on LINUX (d3bbca87870f8776d67cb3f51b57ce57)] -> css selector: section[id='contactus-pag-sec']]]]>
    </line>
    <line>
      <![CDATA[No child items retreived for element - [[ChromeDriver: chrome on LINUX (d3bbca87870f8776d67cb3f51b57ce57)] -> css selector: section[id='contactus-pag-sec']]]]>
    </line>
    <line>
      <![CDATA[No child items retreived for element - [[ChromeDriver: chrome on LINUX (d3bbca87870f8776d67cb3f51b57ce57)] -> css selector: section[id='contactus-pag-sec']]]]>
    </line>
    <line>
      <![CDATA[No child items retreived for element - [[ChromeDriver: chrome on LINUX (d3bbca87870f8776d67cb3f51b57ce57)] -> css selector: section[id='contactus-pag-sec']]]]>
    </line>
    <line>
      <![CDATA[No child items retreived for element - [[ChromeDriver: chrome on LINUX (d3bbca87870f8776d67cb3f51b57ce57)] -> css selector: section[id='contactus-pag-sec']]]]>
    </line>
    <line>
      <![CDATA[No child items retreived for element - [[ChromeDriver: chrome on LINUX (d3bbca87870f8776d67cb3f51b57ce57)] -> css selector: section[id='contactus-pag-sec']]]]>
    </line>
    <line>
      <![CDATA[No child items retreived for element - [[ChromeDriver: chrome on LINUX (d3bbca87870f8776d67cb3f51b57ce57)] -> css selector: section[id='contactus-pag-sec']]]]>
    </line>
    <line>
      <![CDATA[No child items retreived for element - [[ChromeDriver: chrome on LINUX (d3bbca87870f8776d67cb3f51b57ce57)] -> css selector: section[id='contactus-pag-sec']]]]>
    </line>
    <line>
      <![CDATA[No child items retreived for element - [[ChromeDriver: chrome on LINUX (d3bbca87870f8776d67cb3f51b57ce57)] -> css selector: section[id='contactus-pag-sec']]]]>
    </line>
    <line>
      <![CDATA[No child items retreived for element - [[ChromeDriver: chrome on LINUX (d3bbca87870f8776d67cb3f51b57ce57)] -> css selector: section[id='contactus-pag-sec']]]]>
    </line>
    <line>
      <![CDATA[No child items retreived for element - [[ChromeDriver: chrome on LINUX (d3bbca87870f8776d67cb3f51b57ce57)] -> css selector: section[id='contactus-pag-sec']]]]>
    </line>
    <line>
      <![CDATA[Child items retreived for element - [[ChromeDriver: chrome on LINUX (d3bbca87870f8776d67cb3f51b57ce57)] -> css selector: section[id='contactus-pag-sec']]]]>
    </line>
    <line>
      <![CDATA[Child items retreived for element - [[ChromeDriver: chrome on LINUX (d3bbca87870f8776d67cb3f51b57ce57)] -> css selector: section[id='contactus-pag-sec']]]]>
    </line>
    <line>
      <![CDATA[Child items retreived for element - [[ChromeDriver: chrome on LINUX (d3bbca87870f8776d67cb3f51b57ce57)] -> css selector: section[id='contactus-pag-sec']]]]>
    </line>
    <line>
      <![CDATA[No child items retreived for element - [[ChromeDriver: chrome on LINUX (d3bbca87870f8776d67cb3f51b57ce57)] -> css selector: section[id='contactus-pag-sec']]]]>
    </line>
    <line>
      <![CDATA[No child items retreived for element - [[ChromeDriver: chrome on LINUX (d3bbca87870f8776d67cb3f51b57ce57)] -> css selector: section[id='contactus-pag-sec']]]]>
    </line>
    <line>
      <![CDATA[No child items retreived for element - [[ChromeDriver: chrome on LINUX (d3bbca87870f8776d67cb3f51b57ce57)] -> css selector: section[id='contactus-pag-sec']]]]>
    </line>
    <line>
      <![CDATA[No child items retreived for element - [[ChromeDriver: chrome on LINUX (d3bbca87870f8776d67cb3f51b57ce57)] -> css selector: section[id='contactus-pag-sec']]]]>
    </line>
    <line>
      <![CDATA[No child items retreived for element - [[ChromeDriver: chrome on LINUX (d3bbca87870f8776d67cb3f51b57ce57)] -> css selector: section[id='contactus-pag-sec']]]]>
    </line>
    <line>
      <![CDATA[No child items retreived for element - [[ChromeDriver: chrome on LINUX (d3bbca87870f8776d67cb3f51b57ce57)] -> css selector: section[id='contactus-pag-sec']]]]>
    </line>
    <line>
      <![CDATA[No child items retreived for element - [[ChromeDriver: chrome on LINUX (d3bbca87870f8776d67cb3f51b57ce57)] -> css selector: section[id='contactus-pag-sec']]]]>
    </line>
    <line>
      <![CDATA[No child items retreived for element - [[ChromeDriver: chrome on LINUX (d3bbca87870f8776d67cb3f51b57ce57)] -> css selector: section[id='contactus-pag-sec']]]]>
    </line>
    <line>
      <![CDATA[No child items retreived for element - [[ChromeDriver: chrome on LINUX (d3bbca87870f8776d67cb3f51b57ce57)] -> css selector: section[id='contactus-pag-sec']]]]>
    </line>
    <line>
      <![CDATA[No child items retreived for element - [[ChromeDriver: chrome on LINUX (d3bbca87870f8776d67cb3f51b57ce57)] -> css selector: section[id='contactus-pag-sec']]]]>
    </line>
    <line>
      <![CDATA[No child items retreived for element - [[ChromeDriver: chrome on LINUX (d3bbca87870f8776d67cb3f51b57ce57)] -> css selector: section[id='contactus-pag-sec']]]]>
    </line>
    <line>
      <![CDATA[No child items retreived for element - [[ChromeDriver: chrome on LINUX (d3bbca87870f8776d67cb3f51b57ce57)] -> css selector: section[id='contactus-pag-sec']]]]>
    </line>
    <line>
      <![CDATA[No child items retreived for element - [[ChromeDriver: chrome on LINUX (d3bbca87870f8776d67cb3f51b57ce57)] -> css selector: section[id='contactus-pag-sec']]]]>
    </line>
    <line>
      <![CDATA[No child items retreived for element - [[ChromeDriver: chrome on LINUX (d3bbca87870f8776d67cb3f51b57ce57)] -> css selector: section[id='contactus-pag-sec']]]]>
    </line>
    <line>
      <![CDATA[No child items retreived for element - [[ChromeDriver: chrome on LINUX (d3bbca87870f8776d67cb3f51b57ce57)] -> css selector: section[id='contactus-pag-sec']]]]>
    </line>
    <line>
      <![CDATA[No child items retreived for element - [[ChromeDriver: chrome on LINUX (d3bbca87870f8776d67cb3f51b57ce57)] -> css selector: section[id='contactus-pag-sec']]]]>
    </line>
    <line>
      <![CDATA[No child items retreived for element - [[ChromeDriver: chrome on LINUX (d3bbca87870f8776d67cb3f51b57ce57)] -> css selector: section[id='contactus-pag-sec']]]]>
    </line>
    <line>
      <![CDATA[No child items retreived for element - [[ChromeDriver: chrome on LINUX (d3bbca87870f8776d67cb3f51b57ce57)] -> css selector: section[id='contactus-pag-sec']]]]>
    </line>
    <line>
      <![CDATA[No child items retreived for element - [[ChromeDriver: chrome on LINUX (d3bbca87870f8776d67cb3f51b57ce57)] -> css selector: section[id='contactus-pag-sec']]]]>
    </line>
    <line>
      <![CDATA[No child items retreived for element - [[ChromeDriver: chrome on LINUX (d3bbca87870f8776d67cb3f51b57ce57)] -> css selector: section[id='contactus-pag-sec']]]]>
    </line>
    <line>
      <![CDATA[No child items retreived for element - [[ChromeDriver: chrome on LINUX (d3bbca87870f8776d67cb3f51b57ce57)] -> css selector: section[id='contactus-pag-sec']]]]>
    </line>
    <line>
      <![CDATA[No child items retreived for element - [[ChromeDriver: chrome on LINUX (d3bbca87870f8776d67cb3f51b57ce57)] -> css selector: section[id='contactus-pag-sec']]]]>
    </line>
    <line>
      <![CDATA[No child items retreived for element - [[ChromeDriver: chrome on LINUX (d3bbca87870f8776d67cb3f51b57ce57)] -> css selector: section[id='contactus-pag-sec']]]]>
    </line>
    <line>
      <![CDATA[No child items retreived for element - [[ChromeDriver: chrome on LINUX (d3bbca87870f8776d67cb3f51b57ce57)] -> css selector: section[id='contactus-pag-sec']]]]>
    </line>
    <line>
      <![CDATA[No child items retreived for element - [[ChromeDriver: chrome on LINUX (d3bbca87870f8776d67cb3f51b57ce57)] -> css selector: section[id='contactus-pag-sec']]]]>
    </line>
    <line>
      <![CDATA[No child items retreived for element - [[ChromeDriver: chrome on LINUX (d3bbca87870f8776d67cb3f51b57ce57)] -> css selector: section[id='contactus-pag-sec']]]]>
    </line>
    <line>
      <![CDATA[No child items retreived for element - [[ChromeDriver: chrome on LINUX (d3bbca87870f8776d67cb3f51b57ce57)] -> css selector: section[id='contactus-pag-sec']]]]>
    </line>
    <line>
      <![CDATA[No child items retreived for element - [[ChromeDriver: chrome on LINUX (d3bbca87870f8776d67cb3f51b57ce57)] -> css selector: section[id='contactus-pag-sec']]]]>
    </line>
    <line>
      <![CDATA[No child items retreived for element - [[ChromeDriver: chrome on LINUX (d3bbca87870f8776d67cb3f51b57ce57)] -> css selector: section[id='contactus-pag-sec']]]]>
    </line>
    <line>
      <![CDATA[No child items retreived for element - [[ChromeDriver: chrome on LINUX (d3bbca87870f8776d67cb3f51b57ce57)] -> css selector: section[id='contactus-pag-sec']]]]>
    </line>
    <line>
      <![CDATA[No child items retreived for element - [[ChromeDriver: chrome on LINUX (d3bbca87870f8776d67cb3f51b57ce57)] -> css selector: section[id='contactus-pag-sec']]]]>
    </line>
    <line>
      <![CDATA[No child items retreived for element - [[ChromeDriver: chrome on LINUX (d3bbca87870f8776d67cb3f51b57ce57)] -> css selector: section[id='contactus-pag-sec']]]]>
    </line>
    <line>
      <![CDATA[No child items retreived for element - [[ChromeDriver: chrome on LINUX (d3bbca87870f8776d67cb3f51b57ce57)] -> css selector: section[id='contactus-pag-sec']]]]>
    </line>
    <line>
      <![CDATA[No child items retreived for element - [[ChromeDriver: chrome on LINUX (d3bbca87870f8776d67cb3f51b57ce57)] -> css selector: section[id='contactus-pag-sec']]]]>
    </line>
    <line>
      <![CDATA[No child items retreived for element - [[ChromeDriver: chrome on LINUX (d3bbca87870f8776d67cb3f51b57ce57)] -> css selector: section[id='contactus-pag-sec']]]]>
    </line>
    <line>
      <![CDATA[No child items retreived for element - [[ChromeDriver: chrome on LINUX (d3bbca87870f8776d67cb3f51b57ce57)] -> css selector: section[id='contactus-pag-sec']]]]>
    </line>
    <line>
      <![CDATA[No child items retreived for element - [[ChromeDriver: chrome on LINUX (d3bbca87870f8776d67cb3f51b57ce57)] -> css selector: section[id='contactus-pag-sec']]]]>
    </line>
    <line>
      <![CDATA[No child items retreived for element - [[ChromeDriver: chrome on LINUX (d3bbca87870f8776d67cb3f51b57ce57)] -> css selector: section[id='contactus-pag-sec']]]]>
    </line>
    <line>
      <![CDATA[No child items retreived for element - [[ChromeDriver: chrome on LINUX (d3bbca87870f8776d67cb3f51b57ce57)] -> css selector: section[id='contactus-pag-sec']]]]>
    </line>
    <line>
      <![CDATA[No child items retreived for element - [[ChromeDriver: chrome on LINUX (d3bbca87870f8776d67cb3f51b57ce57)] -> css selector: section[id='contactus-pag-sec']]]]>
    </line>
    <line>
      <![CDATA[No child items retreived for element - [[ChromeDriver: chrome on LINUX (d3bbca87870f8776d67cb3f51b57ce57)] -> css selector: section[id='contactus-pag-sec']]]]>
    </line>
    <line>
      <![CDATA[No child items retreived for element - [[ChromeDriver: chrome on LINUX (d3bbca87870f8776d67cb3f51b57ce57)] -> css selector: section[id='contactus-pag-sec']]]]>
    </line>
    <line>
      <![CDATA[No child items retreived for element - [[ChromeDriver: chrome on LINUX (d3bbca87870f8776d67cb3f51b57ce57)] -> css selector: section[id='contactus-pag-sec']]]]>
    </line>
    <line>
      <![CDATA[No child items retreived for element - [[ChromeDriver: chrome on LINUX (d3bbca87870f8776d67cb3f51b57ce57)] -> css selector: section[id='contactus-pag-sec']]]]>
    </line>
    <line>
      <![CDATA[No child items retreived for element - [[ChromeDriver: chrome on LINUX (d3bbca87870f8776d67cb3f51b57ce57)] -> css selector: section[id='contactus-pag-sec']]]]>
    </line>
    <line>
      <![CDATA[No child items retreived for element - [[ChromeDriver: chrome on LINUX (d3bbca87870f8776d67cb3f51b57ce57)] -> css selector: section[id='contactus-pag-sec']]]]>
    </line>
    <line>
      <![CDATA[No child items retreived for element - [[ChromeDriver: chrome on LINUX (d3bbca87870f8776d67cb3f51b57ce57)] -> css selector: section[id='contactus-pag-sec']]]]>
    </line>
    <line>
      <![CDATA[No child items retreived for element - [[ChromeDriver: chrome on LINUX (d3bbca87870f8776d67cb3f51b57ce57)] -> css selector: section[id='contactus-pag-sec']]]]>
    </line>
    <line>
      <![CDATA[No child items retreived for element - [[ChromeDriver: chrome on LINUX (d3bbca87870f8776d67cb3f51b57ce57)] -> css selector: section[id='contactus-pag-sec']]]]>
    </line>
    <line>
      <![CDATA[No child items retreived for element - [[ChromeDriver: chrome on LINUX (d3bbca87870f8776d67cb3f51b57ce57)] -> css selector: section[id='contactus-pag-sec']]]]>
    </line>
    <line>
      <![CDATA[No child items retreived for element - [[ChromeDriver: chrome on LINUX (d3bbca87870f8776d67cb3f51b57ce57)] -> css selector: section[id='contactus-pag-sec']]]]>
    </line>
    <line>
      <![CDATA[No child items retreived for element - [[ChromeDriver: chrome on LINUX (d3bbca87870f8776d67cb3f51b57ce57)] -> css selector: section[id='contactus-pag-sec']]]]>
    </line>
    <line>
      <![CDATA[No child items retreived for element - [[ChromeDriver: chrome on LINUX (d3bbca87870f8776d67cb3f51b57ce57)] -> css selector: section[id='contactus-pag-sec']]]]>
    </line>
    <line>
      <![CDATA[No child items retreived for element - [[ChromeDriver: chrome on LINUX (d3bbca87870f8776d67cb3f51b57ce57)] -> css selector: section[id='contactus-pag-sec']]]]>
    </line>
    <line>
      <![CDATA[No child items retreived for element - [[ChromeDriver: chrome on LINUX (d3bbca87870f8776d67cb3f51b57ce57)] -> css selector: section[id='contactus-pag-sec']]]]>
    </line>
    <line>
      <![CDATA[No child items retreived for element - [[ChromeDriver: chrome on LINUX (d3bbca87870f8776d67cb3f51b57ce57)] -> css selector: section[id='contactus-pag-sec']]]]>
    </line>
    <line>
      <![CDATA[No child items retreived for element - [[ChromeDriver: chrome on LINUX (d3bbca87870f8776d67cb3f51b57ce57)] -> css selector: section[id='contactus-pag-sec']]]]>
    </line>
    <line>
      <![CDATA[No child items retreived for element - [[ChromeDriver: chrome on LINUX (d3bbca87870f8776d67cb3f51b57ce57)] -> css selector: section[id='contactus-pag-sec']]]]>
    </line>
    <line>
      <![CDATA[No child items retreived for element - [[ChromeDriver: chrome on LINUX (d3bbca87870f8776d67cb3f51b57ce57)] -> css selector: section[id='contactus-pag-sec']]]]>
    </line>
    <line>
      <![CDATA[No child items retreived for element - [[ChromeDriver: chrome on LINUX (d3bbca87870f8776d67cb3f51b57ce57)] -> css selector: section[id='contactus-pag-sec']]]]>
    </line>
    <line>
      <![CDATA[No child items retreived for element - [[ChromeDriver: chrome on LINUX (d3bbca87870f8776d67cb3f51b57ce57)] -> css selector: section[id='contactus-pag-sec']]]]>
    </line>
    <line>
      <![CDATA[No child items retreived for element - [[ChromeDriver: chrome on LINUX (d3bbca87870f8776d67cb3f51b57ce57)] -> css selector: section[id='contactus-pag-sec']]]]>
    </line>
    <line>
      <![CDATA[No child items retreived for element - [[ChromeDriver: chrome on LINUX (d3bbca87870f8776d67cb3f51b57ce57)] -> css selector: section[id='contactus-pag-sec']]]]>
    </line>
    <line>
      <![CDATA[No child items retreived for element - [[ChromeDriver: chrome on LINUX (d3bbca87870f8776d67cb3f51b57ce57)] -> css selector: section[id='contactus-pag-sec']]]]>
    </line>
    <line>
      <![CDATA[No child items retreived for element - [[ChromeDriver: chrome on LINUX (d3bbca87870f8776d67cb3f51b57ce57)] -> css selector: section[id='contactus-pag-sec']]]]>
    </line>
    <line>
      <![CDATA[No child items retreived for element - [[ChromeDriver: chrome on LINUX (d3bbca87870f8776d67cb3f51b57ce57)] -> css selector: section[id='contactus-pag-sec']]]]>
    </line>
    <line>
      <![CDATA[No child items retreived for element - [[ChromeDriver: chrome on LINUX (d3bbca87870f8776d67cb3f51b57ce57)] -> css selector: section[id='contactus-pag-sec']]]]>
    </line>
    <line>
      <![CDATA[No child items retreived for element - [[ChromeDriver: chrome on LINUX (d3bbca87870f8776d67cb3f51b57ce57)] -> css selector: section[id='contactus-pag-sec']]]]>
    </line>
    <line>
      <![CDATA[No child items retreived for element - [[ChromeDriver: chrome on LINUX (d3bbca87870f8776d67cb3f51b57ce57)] -> css selector: section[id='contactus-pag-sec']]]]>
    </line>
    <line>
      <![CDATA[No child items retreived for element - [[ChromeDriver: chrome on LINUX (d3bbca87870f8776d67cb3f51b57ce57)] -> css selector: section[id='contactus-pag-sec']]]]>
    </line>
    <line>
      <![CDATA[Child items retreived for element - [[ChromeDriver: chrome on LINUX (d3bbca87870f8776d67cb3f51b57ce57)] -> css selector: section[id='contactus-pag-sec']]]]>
    </line>
    <line>
      <![CDATA[Child items retreived for element - [[ChromeDriver: chrome on LINUX (d3bbca87870f8776d67cb3f51b57ce57)] -> css selector: section[id='contactus-pag-sec']]]]>
    </line>
    <line>
      <![CDATA[No child items retreived for element - [[ChromeDriver: chrome on LINUX (d3bbca87870f8776d67cb3f51b57ce57)] -> css selector: section[id='contactus-pag-sec']]]]>
    </line>
    <line>
      <![CDATA[No child items retreived for element - [[ChromeDriver: chrome on LINUX (d3bbca87870f8776d67cb3f51b57ce57)] -> css selector: section[id='contactus-pag-sec']]]]>
    </line>
    <line>
      <![CDATA[No child items retreived for element - [[ChromeDriver: chrome on LINUX (d3bbca87870f8776d67cb3f51b57ce57)] -> css selector: section[id='contactus-pag-sec']]]]>
    </line>
    <line>
      <![CDATA[Child items retreived for element - [[ChromeDriver: chrome on LINUX (d3bbca87870f8776d67cb3f51b57ce57)] -> css selector: section[id='contactus-pag-sec']]]]>
    </line>
    <line>
      <![CDATA[No child items retreived for element - [[ChromeDriver: chrome on LINUX (d3bbca87870f8776d67cb3f51b57ce57)] -> css selector: section[id='contactus-pag-sec']]]]>
    </line>
    <line>
      <![CDATA[Child items retreived for element - [[ChromeDriver: chrome on LINUX (d3bbca87870f8776d67cb3f51b57ce57)] -> css selector: section[id='contactus-pag-sec']]]]>
    </line>
    <line>
      <![CDATA[No child items retreived for element - [[ChromeDriver: chrome on LINUX (d3bbca87870f8776d67cb3f51b57ce57)] -> css selector: section[id='contactus-pag-sec']]]]>
    </line>
    <line>
      <![CDATA[No child items retreived for element - [[ChromeDriver: chrome on LINUX (d3bbca87870f8776d67cb3f51b57ce57)] -> css selector: section[id='contactus-pag-sec']]]]>
    </line>
    <line>
      <![CDATA[Child items retreived for element - [[ChromeDriver: chrome on LINUX (d3bbca87870f8776d67cb3f51b57ce57)] -> css selector: section[id='contactus-pag-sec']]]]>
    </line>
    <line>
      <![CDATA[No child items retreived for element - [[ChromeDriver: chrome on LINUX (d3bbca87870f8776d67cb3f51b57ce57)] -> css selector: section[id='contactus-pag-sec']]]]>
    </line>
    <line>
      <![CDATA[No child items retreived for element - [[ChromeDriver: chrome on LINUX (d3bbca87870f8776d67cb3f51b57ce57)] -> css selector: section[id='contactus-pag-sec']]]]>
    </line>
    <line>
      <![CDATA[No child items retreived for element - [[ChromeDriver: chrome on LINUX (d3bbca87870f8776d67cb3f51b57ce57)] -> css selector: section[id='contactus-pag-sec']]]]>
    </line>
    <line>
      <![CDATA[Child items retreived for element - [[ChromeDriver: chrome on LINUX (d3bbca87870f8776d67cb3f51b57ce57)] -> css selector: section[id='contactus-pag-sec']]]]>
    </line>
    <line>
      <![CDATA[Child items retreived for element - [[ChromeDriver: chrome on LINUX (d3bbca87870f8776d67cb3f51b57ce57)] -> css selector: section[id='contactus-pag-sec']]]]>
    </line>
    <line>
      <![CDATA[No child items retreived for element - [[ChromeDriver: chrome on LINUX (d3bbca87870f8776d67cb3f51b57ce57)] -> css selector: section[id='contactus-pag-sec']]]]>
    </line>
    <line>
      <![CDATA[No child items retreived for element - [[ChromeDriver: chrome on LINUX (d3bbca87870f8776d67cb3f51b57ce57)] -> css selector: section[id='contactus-pag-sec']]]]>
    </line>
    <line>
      <![CDATA[Child items retreived for element - [[ChromeDriver: chrome on LINUX (d3bbca87870f8776d67cb3f51b57ce57)] -> css selector: section[id='contactus-pag-sec']]]]>
    </line>
    <line>
      <![CDATA[No child items retreived for element - [[ChromeDriver: chrome on LINUX (d3bbca87870f8776d67cb3f51b57ce57)] -> css selector: section[id='contactus-pag-sec']]]]>
    </line>
    <line>
      <![CDATA[No child items retreived for element - [[ChromeDriver: chrome on LINUX (d3bbca87870f8776d67cb3f51b57ce57)] -> css selector: section[id='contactus-pag-sec']]]]>
    </line>
    <line>
      <![CDATA[No child items retreived for element - [[ChromeDriver: chrome on LINUX (d3bbca87870f8776d67cb3f51b57ce57)] -> css selector: section[id='contactus-pag-sec']]]]>
    </line>
    <line>
      <![CDATA[Child items retreived for element - [[ChromeDriver: chrome on LINUX (d3bbca87870f8776d67cb3f51b57ce57)] -> css selector: section[id='contactus-pag-sec']]]]>
    </line>
    <line>
      <![CDATA[Child items retreived for element - [[ChromeDriver: chrome on LINUX (d3bbca87870f8776d67cb3f51b57ce57)] -> css selector: section[id='contactus-pag-sec']]]]>
    </line>
    <line>
      <![CDATA[No child items retreived for element - [[ChromeDriver: chrome on LINUX (d3bbca87870f8776d67cb3f51b57ce57)] -> css selector: section[id='contactus-pag-sec']]]]>
    </line>
    <line>
      <![CDATA[No child items retreived for element - [[ChromeDriver: chrome on LINUX (d3bbca87870f8776d67cb3f51b57ce57)] -> css selector: section[id='contactus-pag-sec']]]]>
    </line>
    <line>
      <![CDATA[No child items retreived for element - [[ChromeDriver: chrome on LINUX (d3bbca87870f8776d67cb3f51b57ce57)] -> css selector: section[id='contactus-pag-sec']]]]>
    </line>
    <line>
      <![CDATA[No child items retreived for element - [[ChromeDriver: chrome on LINUX (d3bbca87870f8776d67cb3f51b57ce57)] -> css selector: section[id='contactus-pag-sec']]]]>
    </line>
    <line>
      <![CDATA[No child items retreived for element - [[ChromeDriver: chrome on LINUX (d3bbca87870f8776d67cb3f51b57ce57)] -> css selector: section[id='contactus-pag-sec']]]]>
    </line>
    <line>
      <![CDATA[No child items retreived for element - [[ChromeDriver: chrome on LINUX (d3bbca87870f8776d67cb3f51b57ce57)] -> css selector: section[id='contactus-pag-sec']]]]>
    </line>
    <line>
      <![CDATA[No child items retreived for element - [[ChromeDriver: chrome on LINUX (d3bbca87870f8776d67cb3f51b57ce57)] -> css selector: section[id='contactus-pag-sec']]]]>
    </line>
    <line>
      <![CDATA[No child items retreived for element - [[ChromeDriver: chrome on LINUX (d3bbca87870f8776d67cb3f51b57ce57)] -> css selector: section[id='contactus-pag-sec']]]]>
    </line>
    <line>
      <![CDATA[No child items retreived for element - [[ChromeDriver: chrome on LINUX (d3bbca87870f8776d67cb3f51b57ce57)] -> css selector: section[id='contactus-pag-sec']]]]>
    </line>
    <line>
      <![CDATA[No child items retreived for element - [[ChromeDriver: chrome on LINUX (d3bbca87870f8776d67cb3f51b57ce57)] -> css selector: section[id='contactus-pag-sec']]]]>
    </line>
    <line>
      <![CDATA[No child items retreived for element - [[ChromeDriver: chrome on LINUX (d3bbca87870f8776d67cb3f51b57ce57)] -> css selector: section[id='contactus-pag-sec']]]]>
    </line>
    <line>
      <![CDATA[No child items retreived for element - [[ChromeDriver: chrome on LINUX (d3bbca87870f8776d67cb3f51b57ce57)] -> css selector: section[id='contactus-pag-sec']]]]>
    </line>
    <line>
      <![CDATA[No child items retreived for element - [[ChromeDriver: chrome on LINUX (d3bbca87870f8776d67cb3f51b57ce57)] -> css selector: section[id='contactus-pag-sec']]]]>
    </line>
    <line>
      <![CDATA[No child items retreived for element - [[ChromeDriver: chrome on LINUX (d3bbca87870f8776d67cb3f51b57ce57)] -> css selector: section[id='contactus-pag-sec']]]]>
    </line>
    <line>
      <![CDATA[No child items retreived for element - [[ChromeDriver: chrome on LINUX (d3bbca87870f8776d67cb3f51b57ce57)] -> css selector: section[id='contactus-pag-sec']]]]>
    </line>
    <line>
      <![CDATA[No child items retreived for element - [[ChromeDriver: chrome on LINUX (d3bbca87870f8776d67cb3f51b57ce57)] -> css selector: section[id='contactus-pag-sec']]]]>
    </line>
    <line>
      <![CDATA[No child items retreived for element - [[ChromeDriver: chrome on LINUX (d3bbca87870f8776d67cb3f51b57ce57)] -> css selector: section[id='contactus-pag-sec']]]]>
    </line>
    <line>
      <![CDATA[No child items retreived for element - [[ChromeDriver: chrome on LINUX (d3bbca87870f8776d67cb3f51b57ce57)] -> css selector: section[id='contactus-pag-sec']]]]>
    </line>
    <line>
      <![CDATA[No child items retreived for element - [[ChromeDriver: chrome on LINUX (d3bbca87870f8776d67cb3f51b57ce57)] -> css selector: section[id='contactus-pag-sec']]]]>
    </line>
    <line>
      <![CDATA[No child items retreived for element - [[ChromeDriver: chrome on LINUX (d3bbca87870f8776d67cb3f51b57ce57)] -> css selector: section[id='contactus-pag-sec']]]]>
    </line>
    <line>
      <![CDATA[No child items retreived for element - [[ChromeDriver: chrome on LINUX (d3bbca87870f8776d67cb3f51b57ce57)] -> css selector: section[id='contactus-pag-sec']]]]>
    </line>
    <line>
      <![CDATA[No child items retreived for element - [[ChromeDriver: chrome on LINUX (d3bbca87870f8776d67cb3f51b57ce57)] -> css selector: section[id='contactus-pag-sec']]]]>
    </line>
    <line>
      <![CDATA[No child items retreived for element - [[ChromeDriver: chrome on LINUX (d3bbca87870f8776d67cb3f51b57ce57)] -> css selector: section[id='contactus-pag-sec']]]]>
    </line>
    <line>
      <![CDATA[No child items retreived for element - [[ChromeDriver: chrome on LINUX (d3bbca87870f8776d67cb3f51b57ce57)] -> css selector: section[id='contactus-pag-sec']]]]>
    </line>
    <line>
      <![CDATA[Child items retreived for element - [[ChromeDriver: chrome on LINUX (d3bbca87870f8776d67cb3f51b57ce57)] -> css selector: section[id='contactus-pag-sec']]]]>
    </line>
    <line>
      <![CDATA[Child items retreived for element - [[ChromeDriver: chrome on LINUX (d3bbca87870f8776d67cb3f51b57ce57)] -> css selector: section[id='contactus-pag-sec']]]]>
    </line>
    <line>
      <![CDATA[No child items retreived for element - [[ChromeDriver: chrome on LINUX (d3bbca87870f8776d67cb3f51b57ce57)] -> css selector: section[id='contactus-pag-sec']]]]>
    </line>
    <line>
      <![CDATA[No child items retreived for element - [[ChromeDriver: chrome on LINUX (d3bbca87870f8776d67cb3f51b57ce57)] -> css selector: section[id='contactus-pag-sec']]]]>
    </line>
    <line>
[...]
            </line>
            <line>
              <![CDATA[Child items retreived for element - [[ChromeDriver: chrome on LINUX (4f356a1e278bb800e4e033c12ca198b1)] -> id: side-category-menu]]]>
            </line>
            <line>
              <![CDATA[Child items retreived for element - [[ChromeDriver: chrome on LINUX (4f356a1e278bb800e4e033c12ca198b1)] -> id: side-category-menu]]]>
            </line>
            <line>
              <![CDATA[Child items retreived for element - [[ChromeDriver: chrome on LINUX (4f356a1e278bb800e4e033c12ca198b1)] -> id: side-category-menu]]]>
            </line>
            <line>
              <![CDATA[Child items retreived for element - [[ChromeDriver: chrome on LINUX (4f356a1e278bb800e4e033c12ca198b1)] -> id: side-category-menu]]]>
            </line>
            <line>
              <![CDATA[Child items retreived for element - [[ChromeDriver: chrome on LINUX (4f356a1e278bb800e4e033c12ca198b1)] -> id: side-category-menu]]]>
            </line>
            <line>
              <![CDATA[Child items retreived for element - [[ChromeDriver: chrome on LINUX (4f356a1e278bb800e4e033c12ca198b1)] -> id: side-category-menu]]]>
            </line>
            <line>
              <![CDATA[Child items retreived for element - [[ChromeDriver: chrome on LINUX (4f356a1e278bb800e4e033c12ca198b1)] -> id: side-category-menu]]]>
            </line>
            <line>
              <![CDATA[Child items retreived for element - [[ChromeDriver: chrome on LINUX (4f356a1e278bb800e4e033c12ca198b1)] -> id: side-category-menu]]]>
            </line>
            <line>
              <![CDATA[Child items retreived for element - [[ChromeDriver: chrome on LINUX (4f356a1e278bb800e4e033c12ca198b1)] -> id: side-category-menu]]]>
            </line>
            <line>
              <![CDATA[Child items retreived for element - [[ChromeDriver: chrome on LINUX (4f356a1e278bb800e4e033c12ca198b1)] -> id: side-category-menu]]]>
            </line>
            <line>
              <![CDATA[Child items retreived for element - [[ChromeDriver: chrome on LINUX (4f356a1e278bb800e4e033c12ca198b1)] -> id: side-category-menu]]]>
            </line>
            <line>
              <![CDATA[Child items retreived for element - [[ChromeDriver: chrome on LINUX (4f356a1e278bb800e4e033c12ca198b1)] -> id: side-category-menu]]]>
            </line>
            <line>
              <![CDATA[Child items retreived for element - [[ChromeDriver: chrome on LINUX (4f356a1e278bb800e4e033c12ca198b1)] -> id: side-category-menu]]]>
            </line>
            <line>
              <![CDATA[Child items retreived for element - [[ChromeDriver: chrome on LINUX (4f356a1e278bb800e4e033c12ca198b1)] -> id: side-category-menu]]]>
            </line>
            <line>
              <![CDATA[Child items retreived for element - [[ChromeDriver: chrome on LINUX (4f356a1e278bb800e4e033c12ca198b1)] -> id: side-category-menu]]]>
            </line>
            <line>
              <![CDATA[Child items retreived for element - [[ChromeDriver: chrome on LINUX (4f356a1e278bb800e4e033c12ca198b1)] -> id: side-category-menu]]]>
            </line>
            <line>
              <![CDATA[Child items retreived for element - [[ChromeDriver: chrome on LINUX (4f356a1e278bb800e4e033c12ca198b1)] -> id: side-category-menu]]]>
            </line>
            <line>
              <![CDATA[Child items retreived for element - [[ChromeDriver: chrome on LINUX (4f356a1e278bb800e4e033c12ca198b1)] -> id: side-category-menu]]]>
            </line>
            <line>
              <![CDATA[Child items retreived for element - [[ChromeDriver: chrome on LINUX (4f356a1e278bb800e4e033c12ca198b1)] -> id: side-category-menu]]]>
            </line>
            <line>
              <![CDATA[Child items retreived for element - [[ChromeDriver: chrome on LINUX (4f356a1e278bb800e4e033c12ca198b1)] -> id: side-category-menu]]]>
            </line>
            <line>
              <![CDATA[Child items retreived for element - [[ChromeDriver: chrome on LINUX (4f356a1e278bb800e4e033c12ca198b1)] -> id: side-category-menu]]]>
            </line>
            <line>
              <![CDATA[Child items retreived for element - [[ChromeDriver: chrome on LINUX (4f356a1e278bb800e4e033c12ca198b1)] -> id: side-category-menu]]]>
            </line>
            <line>
              <![CDATA[Child items retreived for element - [[ChromeDriver: chrome on LINUX (4f356a1e278bb800e4e033c12ca198b1)] -> id: side-category-menu]]]>
            </line>
            <line>
              <![CDATA[Child items retreived for element - [[ChromeDriver: chrome on LINUX (4f356a1e278bb800e4e033c12ca198b1)] -> id: side-category-menu]]]>
            </line>
            <line>
              <![CDATA[Child items retreived for element - [[ChromeDriver: chrome on LINUX (4f356a1e278bb800e4e033c12ca198b1)] -> id: side-category-menu]]]>
            </line>
            <line>
              <![CDATA[Child items retreived for element - [[ChromeDriver: chrome on LINUX (4f356a1e278bb800e4e033c12ca198b1)] -> id: side-category-menu]]]>
            </line>
            <line>
              <![CDATA[Child items retreived for element - [[ChromeDriver: chrome on LINUX (4f356a1e278bb800e4e033c12ca198b1)] -> id: side-category-menu]]]>
            </line>
            <line>
              <![CDATA[Child items retreived for element - [[ChromeDriver: chrome on LINUX (4f356a1e278bb800e4e033c12ca198b1)] -> id: side-category-menu]]]>
            </line>
            <line>
              <![CDATA[Child items retreived for element - [[ChromeDriver: chrome on LINUX (4f356a1e278bb800e4e033c12ca198b1)] -> id: side-category-menu]]]>
            </line>
            <line>
              <![CDATA[Child items retreived for element - [[ChromeDriver: chrome on LINUX (4f356a1e278bb800e4e033c12ca198b1)] -> id: side-category-menu]]]>
            </line>
            <line>
              <![CDATA[Child items retreived for element - [[ChromeDriver: chrome on LINUX (4f356a1e278bb800e4e033c12ca198b1)] -> id: side-category-menu]]]>
            </line>
            <line>
              <![CDATA[Child items retreived for element - [[ChromeDriver: chrome on LINUX (4f356a1e278bb800e4e033c12ca198b1)] -> id: side-category-menu]]]>
            </line>
            <line>
              <![CDATA[Child items retreived for element - [[ChromeDriver: chrome on LINUX (4f356a1e278bb800e4e033c12ca198b1)] -> id: side-category-menu]]]>
            </line>
            <line>
              <![CDATA[Child items retreived for element - [[ChromeDriver: chrome on LINUX (4f356a1e278bb800e4e033c12ca198b1)] -> id: side-category-menu]]]>
            </line>
            <line>
              <![CDATA[Child items retreived for element - [[ChromeDriver: chrome on LINUX (4f356a1e278bb800e4e033c12ca198b1)] -> id: side-category-menu]]]>
            </line>
            <line>
              <![CDATA[No child items retreived for element - [[ChromeDriver: chrome on LINUX (4f356a1e278bb800e4e033c12ca198b1)] -> id: side-category-menu]]]>
            </line>
            <line>
              <![CDATA[Validation done Validate Menu options]]>
            </line>
            <line>
              <![CDATA[Validation done Validate Menu options]]>
            </line>
            <line>
              <![CDATA[Validation done Validate Menu options]]>
            </line>
            <line>
              <![CDATA[Browser with title - DEV - d-452.t2scdn.com | King Kebab, Wisbech, Cambridgeshire, Takeaway Order Onlineopened]]>
            </line>
            <line>
              <![CDATA[waiting for page to load..]]>
            </line>
            <line>
              <![CDATA[Page is loaded]]>
            </line>
            <line>
              <![CDATA[waiting for page to load..]]>
            </line>
            <line>
              <![CDATA[Page is loaded]]>
            </line>
            <line>
              <![CDATA[Child items retreived for element - [[ChromeDriver: chrome on LINUX (4f356a1e278bb800e4e033c12ca198b1)] -> id: waiting-time]]]>
            </line>
            <line>
              <![CDATA[Child items retreived for element - [[ChromeDriver: chrome on LINUX (4f356a1e278bb800e4e033c12ca198b1)] -> id: waiting-time]]]>
            </line>
            <line>
              <![CDATA[Child items retreived for element - [[ChromeDriver: chrome on LINUX (4f356a1e278bb800e4e033c12ca198b1)] -> id: waiting-time]]]>
            </line>
            <line>
              <![CDATA[No child items retreived for element - [[ChromeDriver: chrome on LINUX (4f356a1e278bb800e4e033c12ca198b1)] -> id: waiting-time]]]>
            </line>
            <line>
              <![CDATA[Child items retreived for element - [[ChromeDriver: chrome on LINUX (4f356a1e278bb800e4e033c12ca198b1)] -> id: waiting-time]]]>
            </line>
            <line>
              <![CDATA[Child items retreived for element - [[ChromeDriver: chrome on LINUX (4f356a1e278bb800e4e033c12ca198b1)] -> id: waiting-time]]]>
            </line>
            <line>
              <![CDATA[Validation done Validate delivery option]]>
            </line>
            <line>
              <![CDATA[Validation done Validate delivery option]]>
            </line>
            <line>
              <![CDATA[Child items retreived for element - [[ChromeDriver: chrome on LINUX (4f356a1e278bb800e4e033c12ca198b1)] -> id: side-category-menu]]]>
            </line>
            <line>
              <![CDATA[Child items retreived for element - [[ChromeDriver: chrome on LINUX (4f356a1e278bb800e4e033c12ca198b1)] -> id: side-category-menu]]]>
            </line>
            <line>
              <![CDATA[No child items retreived for element - [[ChromeDriver: chrome on LINUX (4f356a1e278bb800e4e033c12ca198b1)] -> id: side-category-menu]]]>
            </line>
            <line>
              <![CDATA[No child items retreived for element - [[ChromeDriver: chrome on LINUX (4f356a1e278bb800e4e033c12ca198b1)] -> id: side-category-menu]]]>
            </line>
            <line>
              <![CDATA[No child items retreived for element - [[ChromeDriver: chrome on LINUX (4f356a1e278bb800e4e033c12ca198b1)] -> id: side-category-menu]]]>
            </line>
            <line>
              <![CDATA[No child items retreived for element - [[ChromeDriver: chrome on LINUX (4f356a1e278bb800e4e033c12ca198b1)] -> id: side-category-menu]]]>
            </line>
            <line>
              <![CDATA[Child items retreived for element - [[ChromeDriver: chrome on LINUX (4f356a1e278bb800e4e033c12ca198b1)] -> id: side-category-menu]]]>
            </line>
            <line>
              <![CDATA[Child items retreived for element - [[ChromeDriver: chrome on LINUX (4f356a1e278bb800e4e033c12ca198b1)] -> id: side-category-menu]]]>
            </line>
            <line>
              <![CDATA[Child items retreived for element - [[ChromeDriver: chrome on LINUX (4f356a1e278bb800e4e033c12ca198b1)] -> id: side-category-menu]]]>
            </line>
            <line>
              <![CDATA[Child items retreived for element - [[ChromeDriver: chrome on LINUX (4f356a1e278bb800e4e033c12ca198b1)] -> id: side-category-menu]]]>
            </line>
            <line>
              <![CDATA[Child items retreived for element - [[ChromeDriver: chrome on LINUX (4f356a1e278bb800e4e033c12ca198b1)] -> id: side-category-menu]]]>
            </line>
            <line>
              <![CDATA[Child items retreived for element - [[ChromeDriver: chrome on LINUX (4f356a1e278bb800e4e033c12ca198b1)] -> id: side-category-menu]]]>
            </line>
            <line>
              <![CDATA[Child items retreived for element - [[ChromeDriver: chrome on LINUX (4f356a1e278bb800e4e033c12ca198b1)] -> id: side-category-menu]]]>
            </line>
            <line>
              <![CDATA[Child items retreived for element - [[ChromeDriver: chrome on LINUX (4f356a1e278bb800e4e033c12ca198b1)] -> id: side-category-menu]]]>
            </line>
            <line>
              <![CDATA[Child items retreived for element - [[ChromeDriver: chrome on LINUX (4f356a1e278bb800e4e033c12ca198b1)] -> id: side-category-menu]]]>
            </line>
            <line>
              <![CDATA[Child items retreived for element - [[ChromeDriver: chrome on LINUX (4f356a1e278bb800e4e033c12ca198b1)] -> id: side-category-menu]]]>
            </line>
            <line>
              <![CDATA[Child items retreived for element - [[ChromeDriver: chrome on LINUX (4f356a1e278bb800e4e033c12ca198b1)] -> id: side-category-menu]]]>
            </line>
            <line>
              <![CDATA[Child items retreived for element - [[ChromeDriver: chrome on LINUX (4f356a1e278bb800e4e033c12ca198b1)] -> id: side-category-menu]]]>
            </line>
            <line>
              <![CDATA[Child items retreived for element - [[ChromeDriver: chrome on LINUX (4f356a1e278bb800e4e033c12ca198b1)] -> id: side-category-menu]]]>
            </line>
            <line>
              <![CDATA[Child items retreived for element - [[ChromeDriver: chrome on LINUX (4f356a1e278bb800e4e033c12ca198b1)] -> id: side-category-menu]]]>
            </line>
            <line>
              <![CDATA[Child items retreived for element - [[ChromeDriver: chrome on LINUX (4f356a1e278bb800e4e033c12ca198b1)] -> id: side-category-menu]]]>
            </line>
            <line>
              <![CDATA[Child items retreived for element - [[ChromeDriver: chrome on LINUX (4f356a1e278bb800e4e033c12ca198b1)] -> id: side-category-menu]]]>
            </line>
            <line>
              <![CDATA[Child items retreived for element - [[ChromeDriver: chrome on LINUX (4f356a1e278bb800e4e033c12ca198b1)] -> id: side-category-menu]]]>
            </line>
            <line>
              <![CDATA[Child items retreived for element - [[ChromeDriver: chrome on LINUX (4f356a1e278bb800e4e033c12ca198b1)] -> id: side-category-menu]]]>
            </line>
            <line>
              <![CDATA[Child items retreived for element - [[ChromeDriver: chrome on LINUX (4f356a1e278bb800e4e033c12ca198b1)] -> id: side-category-menu]]]>
            </line>
            <line>
              <![CDATA[Child items retreived for element - [[ChromeDriver: chrome on LINUX (4f356a1e278bb800e4e033c12ca198b1)] -> id: side-category-menu]]]>
            </line>
            <line>
              <![CDATA[Child items retreived for element - [[ChromeDriver: chrome on LINUX (4f356a1e278bb800e4e033c12ca198b1)] -> id: side-category-menu]]]>
            </line>
            <line>
              <![CDATA[Child items retreived for element - [[ChromeDriver: chrome on LINUX (4f356a1e278bb800e4e033c12ca198b1)] -> id: side-category-menu]]]>
            </line>
            <line>
              <![CDATA[Child items retreived for element - [[ChromeDriver: chrome on LINUX (4f356a1e278bb800e4e033c12ca198b1)] -> id: side-category-menu]]]>
            </line>
            <line>
              <![CDATA[Child items retreived for element - [[ChromeDriver: chrome on LINUX (4f356a1e278bb800e4e033c12ca198b1)] -> id: side-category-menu]]]>
            </line>
            <line>
              <![CDATA[Child items retreived for element - [[ChromeDriver: chrome on LINUX (4f356a1e278bb800e4e033c12ca198b1)] -> id: side-category-menu]]]>
            </line>
            <line>
              <![CDATA[Child items retreived for element - [[ChromeDriver: chrome on LINUX (4f356a1e278bb800e4e033c12ca198b1)] -> id: side-category-menu]]]>
            </line>
            <line>
              <![CDATA[Child items retreived for element - [[ChromeDriver: chrome on LINUX (4f356a1e278bb800e4e033c12ca198b1)] -> id: side-category-menu]]]>
            </line>
            <line>
              <![CDATA[Child items retreived for element - [[ChromeDriver: chrome on LINUX (4f356a1e278bb800e4e033c12ca198b1)] -> id: side-category-menu]]]>
            </line>
            <line>
              <![CDATA[Child items retreived for element - [[ChromeDriver: chrome on LINUX (4f356a1e278bb800e4e033c12ca198b1)] -> id: side-category-menu]]]>
            </line>
            <line>
              <![CDATA[Child items retreived for element - [[ChromeDriver: chrome on LINUX (4f356a1e278bb800e4e033c12ca198b1)] -> id: side-category-menu]]]>
            </line>
            <line>
              <![CDATA[Child items retreived for element - [[ChromeDriver: chrome on LINUX (4f356a1e278bb800e4e033c12ca198b1)] -> id: side-category-menu]]]>
            </line>
            <line>
              <![CDATA[Child items retreived for element - [[ChromeDriver: chrome on LINUX (4f356a1e278bb800e4e033c12ca198b1)] -> id: side-category-menu]]]>
            </line>
            <line>
              <![CDATA[Child items retreived for element - [[ChromeDriver: chrome on LINUX (4f356a1e278bb800e4e033c12ca198b1)] -> id: side-category-menu]]]>
            </line>
            <line>
              <![CDATA[Child items retreived for element - [[ChromeDriver: chrome on LINUX (4f356a1e278bb800e4e033c12ca198b1)] -> id: side-category-menu]]]>
            </line>
            <line>
              <![CDATA[Child items retreived for element - [[ChromeDriver: chrome on LINUX (4f356a1e278bb800e4e033c12ca198b1)] -> id: side-category-menu]]]>
            </line>
            <line>
              <![CDATA[Child items retreived for element - [[ChromeDriver: chrome on LINUX (4f356a1e278bb800e4e033c12ca198b1)] -> id: side-category-menu]]]>
            </line>
            <line>
              <![CDATA[No child items retreived for element - [[ChromeDriver: chrome on LINUX (4f356a1e278bb800e4e033c12ca198b1)] -> id: side-category-menu]]]>
            </line>
            <line>
              <![CDATA[Validation done Validate Menu options]]>
            </line>
            <line>
              <![CDATA[Validation done Validate Menu options]]>
            </line>
            <line>
              <![CDATA[Validation done Validate Menu options]]>
            </line>
            <line>
              <![CDATA[Validation done Validate PopUP title]]>
            </line>
            <line>
              <![CDATA[Child items retreived for element - [[ChromeDriver: chrome on LINUX (4f356a1e278bb800e4e033c12ca198b1)] -> id: selections]]]>
            </line>
            <line>
              <![CDATA[Child items retreived for element - [[ChromeDriver: chrome on LINUX (4f356a1e278bb800e4e033c12ca198b1)] -> id: selections]]]>
            </line>
            <line>
              <![CDATA[Child items retreived for element - [[ChromeDriver: chrome on LINUX (4f356a1e278bb800e4e033c12ca198b1)] -> id: selections]]]>
            </line>
            <line>
              <![CDATA[No child items retreived for element - [[ChromeDriver: chrome on LINUX (4f356a1e278bb800e4e033c12ca198b1)] -> id: selections]]]>
            </line>
            <line>
              <![CDATA[No child items retreived for element - [[ChromeDriver: chrome on LINUX (4f356a1e278bb800e4e033c12ca198b1)] -> id: selections]]]>
            </line>
            <line>
              <![CDATA[No child items retreived for element - [[ChromeDriver: chrome on LINUX (4f356a1e278bb800e4e033c12ca198b1)] -> id: selections]]]>
            </line>
            <line>
              <![CDATA[No child items retreived for element - [[ChromeDriver: chrome on LINUX (4f356a1e278bb800e4e033c12ca198b1)] -> id: selections]]]>
            </line>
            <line>
              <![CDATA[Validation done Validate Delivery checkbox present]]>
            </line>
            <line>
              <![CDATA[Validation done Validate Collection checkbox not present]]>
            </line>
            <line>
              <![CDATA[Close browser error]]>
            </line>
          </reporter-output>
        </test-method> <!-- orderPageTests -->
      </class> <!-- com.t2s.testScripts.orderPageTest -->
    </test> <!-- Contact Page Tests -->
  </suite> <!-- t2s -->
</testng-results>
