<?xml version="1.0" encoding="UTF-8"?>
<!-- Generated by org.testng.reporters.JUnitXMLReporter -->
<testsuite hostname="User-PC" name="Forgot Password Tests" tests="5" failures="1" timestamp="31 Jan 2017 05:19:35 GMT" time="28.132" errors="0">
  <testcase name="openHomePage" time="25.038" classname="com.t2s.testScripts.testforgotPassWord"/>
  <testcase name="tearPwdDown" time="2.722" classname="com.t2s.testScripts.testforgotPassWord"/>
  <testcase name="openForgotPasswordFrame" time="0.066" classname="com.t2s.testScripts.testforgotPassWord">
    <failure type="java.lang.NullPointerException">
      <![CDATA[java.lang.NullPointerException
	at org.openqa.selenium.support.ui.ExpectedConditions.elementIfVisible(ExpectedConditions.java:302)
	at org.openqa.selenium.support.ui.ExpectedConditions.access$100(ExpectedConditions.java:41)
	at org.openqa.selenium.support.ui.ExpectedConditions$10.apply(ExpectedConditions.java:288)
	at org.openqa.selenium.support.ui.ExpectedConditions$10.apply(ExpectedConditions.java:285)
	at org.openqa.selenium.support.ui.ExpectedConditions$23.apply(ExpectedConditions.java:684)
	at org.openqa.selenium.support.ui.ExpectedConditions$23.apply(ExpectedConditions.java:677)
	at org.openqa.selenium.support.ui.FluentWait.until(FluentWait.java:238)
	at com.t2s.testutil.Utils.elemWait(Utils.java:119)
	at com.t2s.pageLibrary.homePage.homePage.clickSignINButton(homePage.java:13)
	at com.t2s.testScripts.testforgotPassWord.openForgotPasswordFrame(testforgotPassWord.java:36)
... Removed 24 stack frames]]>
    </failure>
  </testcase> <!-- openForgotPasswordFrame -->
  <testcase name="testforgotPasswordFrame" time="0.0" classname="com.t2s.testScripts.testforgotPassWord">
    <skipped/>
  </testcase> <!-- testforgotPasswordFrame -->
  <testcase name="closeforgotPasswordFrame" time="0.0" classname="com.t2s.testScripts.testforgotPassWord">
    <skipped/>
  </testcase> <!-- closeforgotPasswordFrame -->
</testsuite> <!-- Forgot Password Tests -->
