<?xml version="1.0" encoding="UTF-8"?>
<testng-results skipped="0" failed="1" total="1" passed="0">
  <reporter-output>
    <line>
      <![CDATA[waiting for page to load..]]>
    </line>
    <line>
      <![CDATA[Page is loaded]]>
    </line>
    <line>
      <![CDATA[Error while creating data for Contact page tests]]>
    </line>
    <line>
      <![CDATA[Close browser error]]>
    </line>
  </reporter-output>
  <suite name="Default suite" duration-ms="44005" started-at="2017-03-22T06:02:43Z" finished-at="2017-03-22T06:03:27Z">
    <groups>
    </groups>
    <test name="Default test" duration-ms="44005" started-at="2017-03-22T06:02:43Z" finished-at="2017-03-22T06:03:27Z">
      <class name="com.uktech.test.frontEnd_Dynamic.orderPageTest">
        <test-method status="FAIL" signature="orderPageTests()[pri:1, instance:com.uktech.test.frontEnd_Dynamic.orderPageTest@1567f1]" name="orderPageTests" duration-ms="43990" started-at="2017-03-22T11:32:43Z" finished-at="2017-03-22T11:33:27Z">
          <exception class="junit.framework.AssertionFailedError">
            <full-stacktrace>
              <![CDATA[junit.framework.AssertionFailedError
	at junit.framework.Assert.fail(Assert.java:55)
	at junit.framework.Assert.fail(Assert.java:64)
	at com.uktech.test.frontEnd_Dynamic.orderPageTest.orderPageTests(orderPageTest.java:112)
	at sun.reflect.NativeMethodAccessorImpl.invoke0(Native Method)
	at sun.reflect.NativeMethodAccessorImpl.invoke(NativeMethodAccessorImpl.java:62)
	at sun.reflect.DelegatingMethodAccessorImpl.invoke(DelegatingMethodAccessorImpl.java:43)
	at java.lang.reflect.Method.invoke(Method.java:498)
	at org.testng.internal.MethodInvocationHelper.invokeMethod(MethodInvocationHelper.java:85)
	at org.testng.internal.Invoker.invokeMethod(Invoker.java:639)
	at org.testng.internal.Invoker.invokeTestMethod(Invoker.java:816)
	at org.testng.internal.Invoker.invokeTestMethods(Invoker.java:1124)
	at org.testng.internal.TestMethodWorker.invokeTestMethods(TestMethodWorker.java:125)
	at org.testng.internal.TestMethodWorker.run(TestMethodWorker.java:108)
	at org.testng.TestRunner.privateRun(TestRunner.java:774)
	at org.testng.TestRunner.run(TestRunner.java:624)
	at org.testng.SuiteRunner.runTest(SuiteRunner.java:359)
	at org.testng.SuiteRunner.runSequentially(SuiteRunner.java:354)
	at org.testng.SuiteRunner.privateRun(SuiteRunner.java:312)
	at org.testng.SuiteRunner.run(SuiteRunner.java:261)
	at org.testng.SuiteRunnerWorker.runSuite(SuiteRunnerWorker.java:52)
	at org.testng.SuiteRunnerWorker.run(SuiteRunnerWorker.java:86)
	at org.testng.TestNG.runSuitesSequentially(TestNG.java:1215)
	at org.testng.TestNG.runSuitesLocally(TestNG.java:1140)
	at org.testng.TestNG.run(TestNG.java:1048)
	at org.testng.remote.AbstractRemoteTestNG.run(AbstractRemoteTestNG.java:132)
	at org.testng.remote.RemoteTestNG.initAndRun(RemoteTestNG.java:236)
	at org.testng.remote.RemoteTestNG.main(RemoteTestNG.java:81)
]]>
            </full-stacktrace>
          </exception> <!-- junit.framework.AssertionFailedError -->
          <reporter-output>
            <line>
              <![CDATA[waiting for page to load..]]>
            </line>
            <line>
              <![CDATA[Page is loaded]]>
            </line>
            <line>
              <![CDATA[Error while creating data for Contact page tests]]>
            </line>
            <line>
              <![CDATA[Close browser error]]>
            </line>
          </reporter-output>
        </test-method> <!-- orderPageTests -->
      </class> <!-- com.uktech.test.frontEnd_Dynamic.orderPageTest -->
    </test> <!-- Default test -->
  </suite> <!-- Default suite -->
</testng-results>
